Log file open, 06/11/18 21:40:46
LogWindows: Failed to load 'aqProf.dll' (GetLastError=126)
LogWindows: File 'aqProf.dll' does not exist
LogWindows: Failed to load 'VtuneApi.dll' (GetLastError=126)
LogWindows: File 'VtuneApi.dll' does not exist
LogWindows: Failed to load 'VtuneApi32e.dll' (GetLastError=126)
LogWindows: File 'VtuneApi32e.dll' does not exist
LogInit: Display: Running engine for game: Toyscape
LogPlatformFile: Not using cached read wrapper
LogInit: Display: RandInit(-756904150) SRandInit(-756904150).
LogInit: Read version file with build ID '3944462'
LogInit: Overriding engine version to CL 4033788, compatible CL 3944462
LogInit: Registered custom module enumerator with build ID '3944462'
LogTaskGraph: Started task graph with 5 named threads and 14 total threads with 3 sets of task threads.
LogStats: Stats thread started at 0.179056
LogD3D11RHI: Aftermath initialized
LogICUInternationalization: Display: ICU TimeZone Detection - Raw Offset: +9:00, Platform Override: ''
LogModuleManager: Display: Found up-to-date module file ../../../Engine/Plugins/2D/Paper2D/Binaries/Win64/UE4Editor-Paper2D.dll (API version 3944462).
LogModuleManager: Display: Found up-to-date module file ../../../Engine/Plugins/2D/Paper2D/Binaries/Win64/UE4Editor-Paper2DEditor.dll (API version 3944462).
LogModuleManager: Display: Found up-to-date module file ../../../Engine/Plugins/2D/Paper2D/Binaries/Win64/UE4Editor-PaperSpriteSheetImporter.dll (API version 3944462).
LogModuleManager: Display: Found up-to-date module file ../../../Engine/Plugins/2D/Paper2D/Binaries/Win64/UE4Editor-PaperTiledImporter.dll (API version 3944462).
LogModuleManager: Display: Found up-to-date module file ../../../Engine/Plugins/2D/Paper2D/Binaries/Win64/UE4Editor-SmartSnapping.dll (API version 3944462).
LogModuleManager: Display: Found up-to-date module file ../../../Engine/Plugins/Blendables/LightPropagationVolume/Binaries/Win64/UE4Editor-LightPropagationVolumeRuntime.dll (API version 3944462).
LogModuleManager: Display: Found up-to-date module file ../../../Engine/Plugins/Blendables/LightPropagationVolume/Binaries/Win64/UE4Editor-LightPropagationVolumeEditor.dll (API version 3944462).
LogModuleManager: Display: Found up-to-date module file ../../../Engine/Plugins/Developer/CLionSourceCodeAccess/Binaries/Win64/UE4Editor-CLionSourceCodeAccess.dll (API version 3944462).
LogModuleManager: Display: Found up-to-date module file ../../../Engine/Plugins/Developer/GitSourceControl/Binaries/Win64/UE4Editor-GitSourceControl.dll (API version 3944462).
LogModuleManager: Display: Found up-to-date module file ../../../Engine/Plugins/Developer/PerforceSourceControl/Binaries/Win64/UE4Editor-PerforceSourceControl.dll (API version 3944462).
LogModuleManager: Display: Found up-to-date module file ../../../Engine/Plugins/Developer/SubversionSourceControl/Binaries/Win64/UE4Editor-SubversionSourceControl.dll (API version 3944462).
LogModuleManager: Display: Found up-to-date module file ../../../Engine/Plugins/Developer/UObjectPlugin/Binaries/Win64/UE4Editor-UObjectPlugin.dll (API version 3944462).
LogModuleManager: Display: Found up-to-date module file ../../../Engine/Plugins/Developer/VisualStudioCodeSourceCodeAccess/Binaries/Win64/UE4Editor-VisualStudioCodeSourceCodeAccess.dll (API version 3944462).
LogModuleManager: Display: Found up-to-date module file ../../../Engine/Plugins/Developer/VisualStudioSourceCodeAccess/Binaries/Win64/UE4Editor-VisualStudioSourceCodeAccess.dll (API version 3944462).
LogModuleManager: Display: Found up-to-date module file ../../../Engine/Plugins/Editor/AssetManagerEditor/Binaries/Win64/UE4Editor-AssetManagerEditor.dll (API version 3944462).
LogModuleManager: Display: Found up-to-date module file ../../../Engine/Plugins/Editor/CryptoKeys/Binaries/Win64/UE4Editor-CryptoKeys.dll (API version 3944462).
LogModuleManager: Display: Found up-to-date module file ../../../Engine/Plugins/Editor/CryptoKeys/Binaries/Win64/UE4Editor-CryptoKeysOpenSSL.dll (API version 3944462).
LogModuleManager: Display: Found up-to-date module file ../../../Engine/Plugins/Editor/DataValidation/Binaries/Win64/UE4Editor-DataValidation.dll (API version 3944462).
LogModuleManager: Display: Found up-to-date module file ../../../Engine/Plugins/Editor/FacialAnimation/Binaries/Win64/UE4Editor-FacialAnimation.dll (API version 3944462).
LogModuleManager: Display: Found up-to-date module file ../../../Engine/Plugins/Editor/FacialAnimation/Binaries/Win64/UE4Editor-FacialAnimationEditor.dll (API version 3944462).
LogModuleManager: Display: Found up-to-date module file ../../../Engine/Plugins/Editor/GameplayTagsEditor/Binaries/Win64/UE4Editor-GameplayTagsEditor.dll (API version 3944462).
LogModuleManager: Display: Found up-to-date module file ../../../Engine/Plugins/Editor/MobileLauncherProfileWizard/Binaries/Win64/UE4Editor-MobileLauncherProfileWizard.dll (API version 3944462).
LogModuleManager: Display: Found up-to-date module file ../../../Engine/Plugins/Editor/PluginBrowser/Binaries/Win64/UE4Editor-PluginBrowser.dll (API version 3944462).
LogModuleManager: Display: Found up-to-date module file ../../../Engine/Plugins/Editor/SpeedTreeImporter/Binaries/Win64/UE4Editor-SpeedTreeImporter.dll (API version 3944462).
LogModuleManager: Display: Found up-to-date module file ../../../Engine/Plugins/Enterprise/DatasmithContent/Binaries/Win64/UE4Editor-DatasmithContent.dll (API version 3944462).
LogModuleManager: Display: Found up-to-date module file ../../../Engine/Plugins/Experimental/AlembicImporter/Binaries/Win64/UE4Editor-AlembicImporter.dll (API version 3944462).
LogModuleManager: Display: Found up-to-date module file ../../../Engine/Plugins/Experimental/AlembicImporter/Binaries/Win64/UE4Editor-AlembicLibrary.dll (API version 3944462).
LogModuleManager: Display: Found up-to-date module file ../../../Engine/Plugins/Experimental/CharacterAI/Binaries/Win64/UE4Editor-CharacterAI.dll (API version 3944462).
LogModuleManager: Display: Found up-to-date module file ../../../Engine/Plugins/Experimental/HTML5Networking/Binaries/Win64/UE4Editor-HTML5Networking.dll (API version 3944462).
LogModuleManager: Display: Found up-to-date module file ../../../Engine/Plugins/Media/AndroidMedia/Binaries/Win64/UE4Editor-AndroidMediaEditor.dll (API version 3944462).
LogModuleManager: Display: Found up-to-date module file ../../../Engine/Plugins/Media/AndroidMedia/Binaries/Win64/UE4Editor-AndroidMediaFactory.dll (API version 3944462).
LogModuleManager: Display: Found up-to-date module file ../../../Engine/Plugins/Media/AvfMedia/Binaries/Win64/UE4Editor-AvfMediaEditor.dll (API version 3944462).
LogModuleManager: Display: Found up-to-date module file ../../../Engine/Plugins/Media/AvfMedia/Binaries/Win64/UE4Editor-AvfMediaFactory.dll (API version 3944462).
LogModuleManager: Display: Found up-to-date module file ../../../Engine/Plugins/Media/AvfMedia/Binaries/Win64/UE4Editor-AvfMediaFactory.dll (API version 3944462).
LogModuleManager: Display: Found up-to-date module file ../../../Engine/Plugins/Media/ImgMedia/Binaries/Win64/UE4Editor-ImgMedia.dll (API version 3944462).
LogModuleManager: Display: Found up-to-date module file ../../../Engine/Plugins/Media/ImgMedia/Binaries/Win64/UE4Editor-ImgMediaEditor.dll (API version 3944462).
LogModuleManager: Display: Found up-to-date module file ../../../Engine/Plugins/Media/ImgMedia/Binaries/Win64/UE4Editor-ImgMediaFactory.dll (API version 3944462).
LogModuleManager: Display: Found up-to-date module file ../../../Engine/Plugins/Media/ImgMedia/Binaries/Win64/UE4Editor-ImgMediaFactory.dll (API version 3944462).
LogModuleManager: Display: Found up-to-date module file ../../../Engine/Plugins/Media/ImgMedia/Binaries/Win64/UE4Editor-OpenExrWrapper.dll (API version 3944462).
LogModuleManager: Display: Found up-to-date module file ../../../Engine/Plugins/Media/LinearTimecode/Binaries/Win64/UE4Editor-LinearTimecode.dll (API version 3944462).
LogModuleManager: Display: Found up-to-date module file ../../../Engine/Plugins/Media/MediaCompositing/Binaries/Win64/UE4Editor-MediaCompositing.dll (API version 3944462).
LogModuleManager: Display: Found up-to-date module file ../../../Engine/Plugins/Media/MediaCompositing/Binaries/Win64/UE4Editor-MediaCompositingEditor.dll (API version 3944462).
LogModuleManager: Display: Found up-to-date module file ../../../Engine/Plugins/Media/MediaPlayerEditor/Binaries/Win64/UE4Editor-MediaPlayerEditor.dll (API version 3944462).
LogModuleManager: Display: Found up-to-date module file ../../../Engine/Plugins/Media/WmfMedia/Binaries/Win64/UE4Editor-WmfMedia.dll (API version 3944462).
LogModuleManager: Display: Found up-to-date module file ../../../Engine/Plugins/Media/WmfMedia/Binaries/Win64/UE4Editor-WmfMediaEditor.dll (API version 3944462).
LogModuleManager: Display: Found up-to-date module file ../../../Engine/Plugins/Media/WmfMedia/Binaries/Win64/UE4Editor-WmfMediaFactory.dll (API version 3944462).
LogModuleManager: Display: Found up-to-date module file ../../../Engine/Plugins/Media/WmfMedia/Binaries/Win64/UE4Editor-WmfMediaFactory.dll (API version 3944462).
LogModuleManager: Display: Found up-to-date module file ../../../Engine/Plugins/Messaging/TcpMessaging/Binaries/Win64/UE4Editor-TcpMessaging.dll (API version 3944462).
LogModuleManager: Display: Found up-to-date module file ../../../Engine/Plugins/Messaging/UdpMessaging/Binaries/Win64/UE4Editor-UdpMessaging.dll (API version 3944462).
LogModuleManager: Display: Found up-to-date module file ../../../Engine/Plugins/MovieScene/ActorSequence/Binaries/Win64/UE4Editor-ActorSequence.dll (API version 3944462).
LogModuleManager: Display: Found up-to-date module file ../../../Engine/Plugins/MovieScene/LevelSequenceEditor/Binaries/Win64/UE4Editor-LevelSequenceEditor.dll (API version 3944462).
LogModuleManager: Display: Found up-to-date module file ../../../Engine/Plugins/MovieScene/MatineeToLevelSequence/Binaries/Win64/UE4Editor-MatineeToLevelSequence.dll (API version 3944462).
LogModuleManager: Display: Found up-to-date module file ../../../Engine/Plugins/NetcodeUnitTest/NetcodeUnitTest/Binaries/Win64/UE4Editor-NetcodeUnitTest.dll (API version 3944462).
LogModuleManager: Display: Found up-to-date module file ../../../Engine/Plugins/NetcodeUnitTest/NUTUnrealEngine4/Binaries/Win64/UE4Editor-NUTUnrealEngine4.dll (API version 3944462).
LogModuleManager: Display: Found up-to-date module file ../../../Engine/Plugins/Online/OnlineSubsystem/Binaries/Win64/UE4Editor-OnlineSubsystem.dll (API version 3944462).
LogModuleManager: Display: Found up-to-date module file ../../../Engine/Plugins/Runtime/AndroidPermission/Binaries/Win64/UE4Editor-AndroidPermission.dll (API version 3944462).
LogModuleManager: Display: Found up-to-date module file ../../../Engine/Plugins/Online/OnlineSubsystemNull/Binaries/Win64/UE4Editor-OnlineSubsystemNull.dll (API version 3944462).
LogModuleManager: Display: Found up-to-date module file ../../../Engine/Plugins/Online/OnlineSubsystemUtils/Binaries/Win64/UE4Editor-OnlineSubsystemUtils.dll (API version 3944462).
LogModuleManager: Display: Found up-to-date module file ../../../Engine/Plugins/Online/OnlineSubsystemUtils/Binaries/Win64/UE4Editor-OnlineBlueprintSupport.dll (API version 3944462).
LogModuleManager: Display: Found up-to-date module file ../../../Engine/Plugins/Runtime/AndroidDeviceProfileSelector/Binaries/Win64/UE4Editor-AndroidDeviceProfileSelector.dll (API version 3944462).
LogModuleManager: Display: Found up-to-date module file ../../../Engine/Plugins/Runtime/AppleARKit/Binaries/Win64/UE4Editor-AppleARKit.dll (API version 3944462).
LogModuleManager: Display: Found up-to-date module file ../../../Engine/Plugins/Runtime/ProceduralMeshComponent/Binaries/Win64/UE4Editor-ProceduralMeshComponent.dll (API version 3944462).
LogModuleManager: Display: Found up-to-date module file ../../../Engine/Plugins/Runtime/ProceduralMeshComponent/Binaries/Win64/UE4Editor-ProceduralMeshComponentEditor.dll (API version 3944462).
LogModuleManager: Display: Found up-to-date module file ../../../Engine/Plugins/Animation/LiveLink/Binaries/Win64/UE4Editor-LiveLink.dll (API version 3944462).
LogModuleManager: Display: Found up-to-date module file ../../../Engine/Plugins/Animation/LiveLink/Binaries/Win64/UE4Editor-LiveLinkEditor.dll (API version 3944462).
LogModuleManager: Display: Found up-to-date module file ../../../Engine/Plugins/Runtime/ArchVisCharacter/Binaries/Win64/UE4Editor-ArchVisCharacter.dll (API version 3944462).
LogModuleManager: Display: Found up-to-date module file ../../../Engine/Plugins/Runtime/AudioCapture/Binaries/Win64/UE4Editor-AudioCapture.dll (API version 3944462).
LogModuleManager: Display: Found up-to-date module file ../../../Engine/Plugins/Runtime/AudioCapture/Binaries/Win64/UE4Editor-AudioCaptureEditor.dll (API version 3944462).
LogModuleManager: Display: Found up-to-date module file ../../../Engine/Plugins/Runtime/CableComponent/Binaries/Win64/UE4Editor-CableComponent.dll (API version 3944462).
LogModuleManager: Display: Found up-to-date module file ../../../Engine/Plugins/Runtime/CustomMeshComponent/Binaries/Win64/UE4Editor-CustomMeshComponent.dll (API version 3944462).
LogModuleManager: Display: Found up-to-date module file ../../../Engine/Plugins/Runtime/ExampleDeviceProfileSelector/Binaries/Win64/UE4Editor-ExampleDeviceProfileSelector.dll (API version 3944462).
LogModuleManager: Display: Found up-to-date module file ../../../Engine/Plugins/Runtime/ImmediatePhysics/Binaries/Win64/UE4Editor-ImmediatePhysics.dll (API version 3944462).
LogModuleManager: Display: Found up-to-date module file ../../../Engine/Plugins/Runtime/ImmediatePhysics/Binaries/Win64/UE4Editor-ImmediatePhysicsEditor.dll (API version 3944462).
LogModuleManager: Display: Found up-to-date module file ../../../Engine/Plugins/Runtime/LocationServicesBPLibrary/Binaries/Win64/UE4Editor-LocationServicesBPLibrary.dll (API version 3944462).
LogModuleManager: Display: Found up-to-date module file ../../../Engine/Plugins/Runtime/MobilePatchingUtils/Binaries/Win64/UE4Editor-MobilePatchingUtils.dll (API version 3944462).
LogModuleManager: Display: Found up-to-date module file ../../../Engine/Plugins/Runtime/Oculus/OculusVR/Binaries/Win64/UE4Editor-OculusHMD.dll (API version 3944462).
LogModuleManager: Display: Found up-to-date module file ../../../Engine/Plugins/Runtime/Oculus/OculusVR/Binaries/Win64/UE4Editor-OculusInput.dll (API version 3944462).
LogModuleManager: Display: Found up-to-date module file ../../../Engine/Plugins/Runtime/Oculus/OculusVR/Binaries/Win64/UE4Editor-OculusEditor.dll (API version 3944462).
LogModuleManager: Display: Found up-to-date module file ../../../Engine/Plugins/Runtime/PhysXVehicles/Binaries/Win64/UE4Editor-PhysXVehicles.dll (API version 3944462).
LogModuleManager: Display: Found up-to-date module file ../../../Engine/Plugins/Runtime/PhysXVehicles/Binaries/Win64/UE4Editor-PhysXVehiclesEditor.dll (API version 3944462).
LogModuleManager: Display: Found up-to-date module file ../../../Engine/Plugins/Runtime/RuntimePhysXCooking/Binaries/Win64/UE4Editor-RuntimePhysXCooking.dll (API version 3944462).
LogModuleManager: Display: Found up-to-date module file ../../../Engine/Plugins/Runtime/Steam/SteamVR/Binaries/Win64/UE4Editor-SteamVR.dll (API version 3944462).
LogModuleManager: Display: Found up-to-date module file ../../../Engine/Plugins/Runtime/Steam/SteamVR/Binaries/Win64/UE4Editor-SteamVRController.dll (API version 3944462).
LogModuleManager: Display: Found up-to-date module file ../../../Engine/Plugins/Runtime/WindowsMoviePlayer/Binaries/Win64/UE4Editor-WindowsMoviePlayer.dll (API version 3944462).
LogPluginManager: Mounting plugin Paper2D
LogPluginManager: Mounting plugin LiveLink
LogPluginManager: Mounting plugin LightPropagationVolume
LogPluginManager: Mounting plugin CLionSourceCodeAccess
LogPluginManager: Mounting plugin CodeLiteSourceCodeAccess
LogPluginManager: Mounting plugin GitSourceControl
LogPluginManager: Mounting plugin KDevelopSourceCodeAccess
LogPluginManager: Mounting plugin NullSourceCodeAccess
LogPluginManager: Mounting plugin PerforceSourceControl
LogPluginManager: Mounting plugin SubversionSourceControl
LogPluginManager: Mounting plugin UObjectPlugin
LogPluginManager: Mounting plugin VisualStudioCodeSourceCodeAccess
LogPluginManager: Mounting plugin VisualStudioSourceCodeAccess
LogPluginManager: Mounting plugin XCodeSourceCodeAccess
LogPluginManager: Mounting plugin AssetManagerEditor
LogPluginManager: Mounting plugin CryptoKeys
LogPluginManager: Mounting plugin DataValidation
LogPluginManager: Mounting plugin FacialAnimation
LogPluginManager: Mounting plugin GameplayTagsEditor
LogPluginManager: Mounting plugin MobileLauncherProfileWizard
LogPluginManager: Mounting plugin PluginBrowser
LogPluginManager: Mounting plugin SpeedTreeImporter
LogPluginManager: Mounting plugin DatasmithContent
LogPluginManager: Mounting plugin AlembicImporter
LogPluginManager: Mounting plugin CharacterAI
LogPluginManager: Mounting plugin HTML5Networking
LogPluginManager: Mounting plugin AndroidMedia
LogPluginManager: Mounting plugin AvfMedia
LogPluginManager: Mounting plugin ImgMedia
LogPluginManager: Mounting plugin LinearTimecode
LogPluginManager: Mounting plugin MediaCompositing
LogPluginManager: Mounting plugin MediaPlayerEditor
LogPluginManager: Mounting plugin WmfMedia
LogPluginManager: Mounting plugin TcpMessaging
LogPluginManager: Mounting plugin UdpMessaging
LogPluginManager: Mounting plugin ActorSequence
LogPluginManager: Mounting plugin LevelSequenceEditor
LogPluginManager: Mounting plugin MatineeToLevelSequence
LogPluginManager: Mounting plugin NetcodeUnitTest
LogPluginManager: Mounting plugin NUTUnrealEngine4
LogPluginManager: Mounting plugin OnlineSubsystemGooglePlay
LogPluginManager: Mounting plugin OnlineSubsystemIOS
LogPluginManager: Mounting plugin OnlineSubsystem
LogPluginManager: Mounting plugin OnlineSubsystemNull
LogPluginManager: Mounting plugin OnlineSubsystemUtils
LogPluginManager: Mounting plugin AndroidDeviceProfileSelector
LogPluginManager: Mounting plugin AndroidMoviePlayer
LogPluginManager: Mounting plugin AndroidPermission
LogPluginManager: Mounting plugin AppleARKit
LogPluginManager: Mounting plugin AppleMoviePlayer
LogPluginManager: Mounting plugin ArchVisCharacter
LogPluginManager: Mounting plugin AudioCapture
LogPluginManager: Mounting plugin CableComponent
LogPluginManager: Mounting plugin CustomMeshComponent
LogPluginManager: Mounting plugin ExampleDeviceProfileSelector
LogPluginManager: Mounting plugin GoogleCloudMessaging
LogPluginManager: Mounting plugin ImmediatePhysics
LogPluginManager: Mounting plugin IOSDeviceProfileSelector
LogPluginManager: Mounting plugin LinuxDeviceProfileSelector
LogPluginManager: Mounting plugin LocationServicesBPLibrary
LogPluginManager: Mounting plugin MobilePatchingUtils
LogPluginManager: Mounting plugin OculusVR
LogPluginManager: Plugin shader directory ../../../Engine/Plugins/Runtime/Oculus/OculusVR/Shaders found
LogPluginManager: Mapping shader source directory ../../../Engine/Plugins/Runtime/Oculus/OculusVR/Shaders to virtual directory /Plugin/OculusVR
LogPluginManager: Mounting plugin PhysXVehicles
LogPluginManager: Mounting plugin ProceduralMeshComponent
LogPluginManager: Mounting plugin RuntimePhysXCooking
LogPluginManager: Mounting plugin SteamVR
LogPluginManager: Mounting plugin WindowsMoviePlayer
LogStreaming: Display: Took  1.362s to configure plugins.
LogInit: Using libcurl 7.47.1
LogInit:  - built for x86_64-pc-win32
LogInit:  - supports SSL with OpenSSL/1.0.2g
LogInit:  - supports HTTP deflate (compression) using libz 1.2.8
LogInit:  - other features:
LogInit:      CURL_VERSION_SSL
LogInit:      CURL_VERSION_LIBZ
LogInit:      CURL_VERSION_IPV6
LogInit:      CURL_VERSION_ASYNCHDNS
LogInit:      CURL_VERSION_LARGEFILE
LogInit:      CURL_VERSION_IDN
LogInit:  CurlRequestOptions (configurable via config and command line):
LogInit:  - bVerifyPeer = false  - Libcurl will NOT verify peer certificate
LogInit:  - bUseHttpProxy = false  - Libcurl will NOT use HTTP proxy
LogInit:  - bDontReuseConnections = false  - Libcurl will reuse connections
LogInit:  - CertBundlePath = nullptr  - Libcurl will use whatever was configured at build time.
LogInit:  - MaxHostConnections = 16  - Libcurl will limit the number of connections to a host
LogInit:  - LocalHostAddr = Default
LogInit: WinSock: version 1.1 (2.2), MaxSocks=32767, MaxUdp=65467
LogInit: WinSock: I am DESKTOP-G75VMAV (192.168.0.3:0)
LogInit: Build: ++UE4+Release-4.19-CL-4033788
LogInit: Engine Version: 4.19.2-4033788+++UE4+Release-4.19
LogInit: Compatible Engine Version: 4.19.0-3944462+++UE4+Release-4.19
LogInit: Net CL: 3944462
LogDevObjectVersion: Number of dev versions registered: 18
LogDevObjectVersion:   Dev-Blueprints (B0D832E4-1F89-4F0D-ACCF-7EB736FD4AA2): 10
LogDevObjectVersion:   Dev-Build (E1C64328-A22C-4D53-A36C-8E866417BD8C): 0
LogDevObjectVersion:   Dev-Core (375EC13C-06E4-48FB-B500-84F0262A717E): 2
LogDevObjectVersion:   Dev-Editor (E4B068ED-F494-42E9-A231-DA0B2E46BB41): 23
LogDevObjectVersion:   Dev-Framework (CFFC743F-43B0-4480-9391-14DF171D2073): 33
LogDevObjectVersion:   Dev-Mobile (B02B49B5-BB20-44E9-A304-32B752E40360): 2
LogDevObjectVersion:   Dev-Networking (A4E4105C-59A1-49B5-A7C5-40C4547EDFEE): 0
LogDevObjectVersion:   Dev-Online (39C831C9-5AE6-47DC-9A44-9C173E1C8E7C): 0
LogDevObjectVersion:   Dev-Physics (78F01B33-EBEA-4F98-B9B4-84EACCB95AA2): 0
LogDevObjectVersion:   Dev-Platform (6631380F-2D4D-43E0-8009-CF276956A95A): 0
LogDevObjectVersion:   Dev-Rendering (12F88B9F-8875-4AFC-A67C-D90C383ABD29): 25
LogDevObjectVersion:   Dev-Sequencer (7B5AE74C-D270-4C10-A958-57980B212A5A): 6
LogDevObjectVersion:   Dev-VR (D7296918-1DD6-4BDD-9DE2-64A83CC13884): 1
LogDevObjectVersion:   Dev-LoadTimes (C2A15278-BFE7-4AFE-6C17-90FF531DF755): 1
LogDevObjectVersion:   Private-Geometry (6EACA3D4-40EC-4CC1-B786-8BED09428FC5): 2
LogDevObjectVersion:   Dev-AnimPhys (29E575DD-E0A3-4627-9D10-D276232CDCEA): 16
LogDevObjectVersion:   Dev-ReflectionCapture (6B266CEC-1EC7-4B8F-A30B-E4D90942FC07): 1
LogDevObjectVersion:   Dev-Automation (0DF73D61-A23F-47EA-B727-89E90C41499A): 1
LogInit: Compiled (64-bit): Apr 27 2018 02:06:57
LogInit: Compiled with Visual C++: 19.00.24215.01
LogInit: Build Configuration: Development
LogInit: Branch Name: ++UE4+Release-4.19
LogInit: Command Line: -EpicPortal 
LogInit: Base Directory: D:/Epic Games/UE_4.19/Engine/Binaries/Win64/
LogInit: Installed Engine Build: 1
LogStreaming: Display: Took  0.002s to delete old logs.
LogInit: Presizing for max 8388607 objects, including 0 objects not considered by GC, pre-allocating 0 bytes for permanent pool.
LogInit: Object subsystem initialized
[2018.06.11-12.40.48:441][  0]LogInit: Selected Device Profile: [Windows]
[2018.06.11-12.40.48:441][  0]LogInit: Applying CVar settings loaded from the selected device profile: [Windows]
[2018.06.11-12.40.48:458][  0]LogInit: Computer: DESKTOP-G75VMAV
[2018.06.11-12.40.48:458][  0]LogInit: User: leet3
[2018.06.11-12.40.48:458][  0]LogInit: CPU Page size=4096, Cores=4
[2018.06.11-12.40.48:458][  0]LogInit: High frequency timer resolution =3.234377 MHz
[2018.06.11-12.40.48:458][  0]LogMemory: Memory total: Physical=8.0GB (8GB approx)
[2018.06.11-12.40.48:458][  0]LogMemory: Platform Memory Stats for Windows
[2018.06.11-12.40.48:458][  0]LogMemory: Process Physical Memory: 273.02 MB used, 273.02 MB peak
[2018.06.11-12.40.48:458][  0]LogMemory: Process Virtual Memory: 261.88 MB used, 261.88 MB peak
[2018.06.11-12.40.48:458][  0]LogMemory: Physical Memory: 4870.30 MB used,  3288.69 MB free, 8158.99 MB total
[2018.06.11-12.40.48:458][  0]LogMemory: Virtual Memory: 4776.04 MB used,  3288.69 MB free, 134217728.00 MB total
[2018.06.11-12.40.48:489][  0]LogInit: Using OS detected language (ko-KR).
[2018.06.11-12.40.48:489][  0]LogInit: Using OS detected locale (ko-KR).
[2018.06.11-12.40.48:494][  0]LogTextLocalizationManager: No specific localization for 'ko-KR' exists, so the 'ko' localization will be used.
[2018.06.11-12.40.48:870][  0]LogStreaming: Display: Took  0.381s to EndInitTextLocalization.
[2018.06.11-12.40.48:870][  0]LogInit: Setting process to per monitor DPI aware
[2018.06.11-12.40.48:919][  0]LogSlate: New Slate User Created.  User Index 0, Is Virtual User: 0
[2018.06.11-12.40.48:919][  0]LogSlate: Slate User Registered.  User Index 0, Is Virtual User: 0
[2018.06.11-12.40.49:261][  0]LogD3D11RHI: D3D11 adapters:
[2018.06.11-12.40.49:318][  0]LogD3D11RHI:    0. 'NVIDIA GeForce GTX 970' (Feature Level 11_0)
[2018.06.11-12.40.49:318][  0]LogD3D11RHI:       4058/0/4079 MB DedicatedVideo/DedicatedSystem/SharedSystem, Outputs:2, VendorId:0x10de
[2018.06.11-12.40.49:321][  0]LogD3D11RHI:    1. 'Microsoft Basic Render Driver' (Feature Level 11_0)
[2018.06.11-12.40.49:321][  0]LogD3D11RHI:       0/0/4079 MB DedicatedVideo/DedicatedSystem/SharedSystem, Outputs:0, VendorId:0x1414
[2018.06.11-12.40.49:321][  0]LogD3D11RHI: Chosen D3D11 Adapter: 0
[2018.06.11-12.40.49:327][  0]LogD3D11RHI: Creating new Direct3DDevice
[2018.06.11-12.40.49:327][  0]LogD3D11RHI:     GPU DeviceId: 0x13c2 (for the marketing name, search the web for "GPU Device Id")
[2018.06.11-12.40.49:327][  0]LogWindows: EnumDisplayDevices:
[2018.06.11-12.40.49:327][  0]LogWindows:    0. 'NVIDIA GeForce GTX 970' (P:0 D:1)
[2018.06.11-12.40.49:328][  0]LogWindows:    1. 'NVIDIA GeForce GTX 970' (P:1 D:1)
[2018.06.11-12.40.49:328][  0]LogWindows:    2. 'NVIDIA GeForce GTX 970' (P:0 D:0)
[2018.06.11-12.40.49:329][  0]LogWindows:    3. 'NVIDIA GeForce GTX 970' (P:0 D:0)
[2018.06.11-12.40.49:329][  0]LogWindows: DebugString: GetVideoDriverDetailsInvalid PrimaryIsNotTheChoosenAdapter GetVideoDriverDetailsInvalid PrimaryIsNotTheChoosenAdapter GetVideoDriverDetailsInvalid PrimaryIsNotTheChoosenAdapter GetVideoDriverDetailsInvalid PrimaryIsNotTheChoosenAdapter FoundDriverCount:0 
[2018.06.11-12.40.49:329][  0]LogD3D11RHI:     Adapter Name: NVIDIA GeForce GTX 970
[2018.06.11-12.40.49:329][  0]LogD3D11RHI:   Driver Version: Unknown (internal:Unknown, unified:Unknown)
[2018.06.11-12.40.49:329][  0]LogD3D11RHI:      Driver Date: Unknown
[2018.06.11-12.40.49:329][  0]LogRHI: Texture pool is 2840 MB (70% of 4058 MB)
[2018.06.11-12.40.49:361][  0]LogD3D11RHI: [Aftermath] Aftermath enabled but failed to initialize
[2018.06.11-12.40.49:361][  0]LogD3D11RHI: [Aftermath] Aftermath enabled and primed
[2018.06.11-12.40.49:361][  0]LogD3D11RHI: Async texture creation enabled
[2018.06.11-12.40.49:372][  0]LogD3D11RHI: GPU Timing Frequency: 1000.000000 (Debug: 2 1)
[2018.06.11-12.40.49:430][  0]LogShaderCompilers: Guid format shader working directory is 12 characters bigger than the processId version (C:/Users/leet3/Documents/Toyscape/Intermediate/Shaders/WorkingDirectory/10340/).
[2018.06.11-12.40.49:430][  0]LogShaderCompilers: Cleaned the shader compiler working directory 'C:/Users/leet3/AppData/Local/Temp/UnrealShaderWorkingDir/D25260BC4B36BE74AA3CEFAB0E39B689/'.
[2018.06.11-12.40.49:642][  0]LogTemp: Display: Loaded TP AllDesktopTargetPlatform
[2018.06.11-12.40.49:656][  0]LogTemp: Display: Loaded TP MacClientTargetPlatform
[2018.06.11-12.40.49:670][  0]LogTemp: Display: Loaded TP MacNoEditorTargetPlatform
[2018.06.11-12.40.49:685][  0]LogTemp: Display: Loaded TP MacServerTargetPlatform
[2018.06.11-12.40.49:699][  0]LogTemp: Display: Loaded TP MacTargetPlatform
[2018.06.11-12.40.49:713][  0]LogTemp: Display: Loaded TP WindowsClientTargetPlatform
[2018.06.11-12.40.49:727][  0]LogTemp: Display: Loaded TP WindowsNoEditorTargetPlatform
[2018.06.11-12.40.49:741][  0]LogTemp: Display: Loaded TP WindowsServerTargetPlatform
[2018.06.11-12.40.49:748][  0]LogTemp: Display: Loaded TP WindowsTargetPlatform
[2018.06.11-12.40.49:761][  0]LogTemp: Display: Loaded TP Android_ASTCTargetPlatform
[2018.06.11-12.40.49:773][  0]LogTemp: Display: Loaded TP Android_ATCTargetPlatform
[2018.06.11-12.40.49:786][  0]LogTemp: Display: Loaded TP Android_DXTTargetPlatform
[2018.06.11-12.40.49:799][  0]LogTemp: Display: Loaded TP Android_ETC1aTargetPlatform
[2018.06.11-12.40.49:812][  0]LogTemp: Display: Loaded TP Android_ETC1TargetPlatform
[2018.06.11-12.40.49:824][  0]LogTemp: Display: Loaded TP Android_ETC2TargetPlatform
[2018.06.11-12.40.49:850][  0]LogTemp: Display: Loaded TP Android_MultiTargetPlatform
[2018.06.11-12.40.49:850][  0]LogTemp: Display: Loaded TP Android_PVRTCTargetPlatform
[2018.06.11-12.40.49:862][  0]LogTemp: Display: Loaded TP AndroidTargetPlatform
[2018.06.11-12.40.49:864][  0]LogTemp: Display: Loaded TP HTML5TargetPlatform
[2018.06.11-12.40.49:902][  0]LogTemp: Display: Loaded TP IOSTargetPlatform
[2018.06.11-12.40.49:914][  0]LogTemp: Display: Loaded TP TVOSTargetPlatform
[2018.06.11-12.40.49:926][  0]LogTemp: Display: Loaded TP LinuxClientTargetPlatform
[2018.06.11-12.40.49:939][  0]LogTemp: Display: Loaded TP LinuxNoEditorTargetPlatform
[2018.06.11-12.40.49:952][  0]LogTemp: Display: Loaded TP LinuxServerTargetPlatform
[2018.06.11-12.40.49:965][  0]LogTemp: Display: Loaded TP LinuxTargetPlatform
[2018.06.11-12.40.49:965][  0]LogTargetPlatformManager: Display: Building Assets For Windows
[2018.06.11-12.40.50:099][  0]LogXGEController: Cannot use XGE Controller as Incredibuild is not installed on this machine.
[2018.06.11-12.40.50:099][  0]LogShaderCompilers: Cannot use XGE Shader Compiler as Incredibuild is not installed on this machine.
[2018.06.11-12.40.50:099][  0]LogShaderCompilers: Display: Using Local Shader Compiler.
[2018.06.11-12.40.50:706][  0]LogDerivedDataCache: Display: Max Cache Size: 512 MB
[2018.06.11-12.40.50:775][  0]LogDerivedDataCache: Loaded boot cache 0.07s 74MB C:/Users/leet3/AppData/Local/UnrealEngine/4.19/DerivedDataCache/Boot.ddc.
[2018.06.11-12.40.50:775][  0]LogDerivedDataCache: Display: Loaded Boot cache: C:/Users/leet3/AppData/Local/UnrealEngine/4.19/DerivedDataCache/Boot.ddc
[2018.06.11-12.40.50:776][  0]LogDerivedDataCache: FDerivedDataBackendGraph:  Pak pak cache file C:/Users/leet3/Documents/Toyscape/DerivedDataCache/DDC.ddp not found, will not use a pak cache.
[2018.06.11-12.40.50:776][  0]LogDerivedDataCache: Unable to find inner node Pak for hierarchical cache Hierarchy.
[2018.06.11-12.40.50:776][  0]LogDerivedDataCache: FDerivedDataBackendGraph:  CompressedPak pak cache file C:/Users/leet3/Documents/Toyscape/DerivedDataCache/Compressed.ddp not found, will not use a pak cache.
[2018.06.11-12.40.50:776][  0]LogDerivedDataCache: Unable to find inner node CompressedPak for hierarchical cache Hierarchy.
[2018.06.11-12.40.50:790][  0]LogDerivedDataCache: Display: Pak cache opened for reading ../../../Engine/DerivedDataCache/Compressed.ddp.
[2018.06.11-12.40.50:803][  0]LogDerivedDataCache: Using Local data cache path C:/Users/leet3/AppData/Local/UnrealEngine/Common/DerivedDataCache: Writable
[2018.06.11-12.40.50:803][  0]LogDerivedDataCache: Shared data cache path not found in *engine.ini, will not use an Shared cache.
[2018.06.11-12.40.50:803][  0]LogDerivedDataCache: Unable to find inner node Shared for hierarchical cache Hierarchy.
[2018.06.11-12.40.50:813][  0]LogMaterial: Verifying Global Shaders for PCD3D_SM5
[2018.06.11-12.40.50:813][  0]LogSlate: Using Freetype 2.6.0
[2018.06.11-12.40.50:814][  0]LogSlate: SlateFontCache - WITH_FREETYPE: 1, WITH_HARFBUZZ: 1
[2018.06.11-12.40.50:814][  0]LogSlate: SlateFontCache - WITH_FREETYPE: 1, WITH_HARFBUZZ: 1
[2018.06.11-12.40.50:968][  0]LogAssetRegistry: FAssetRegistry took 0.0265 seconds to start up
[2018.06.11-12.40.51:272][  0]LogInit: Selected Device Profile: [Windows]
[2018.06.11-12.40.51:424][  0]LogSimplygon: Simplygon DLL not present - disabling.
[2018.06.11-12.40.51:427][  0]LogMeshReduction: Using SimplygonSwarm for distributed automatic mesh merging
[2018.06.11-12.40.51:427][  0]LogMeshReduction: Using QuadricMeshReduction for automatic static mesh reduction
[2018.06.11-12.40.51:427][  0]LogMeshReduction: No automatic skeletal mesh reduction module available
[2018.06.11-12.40.51:427][  0]LogMeshReduction: No automatic mesh merging module available
[2018.06.11-12.40.51:427][  0]LogMeshMerging: No automatic mesh merging module available
[2018.06.11-12.40.51:468][  0]LogNetVersion: Toyscape , NetCL: 3944462, EngineNetVer: 2, GameNetVer: 0 (Checksum: 4031487557)
[2018.06.11-12.40.51:951][  0]LogPackageLocalizationCache: Processed 9 localized package path(s) for 2 prioritized culture(s) in 0.099801 seconds
[2018.06.11-12.40.51:957][  0]LogUObjectArray: 36728 objects as part of root set at end of initial load.
[2018.06.11-12.40.51:957][  0]LogUObjectAllocator: 7314304 out of 0 bytes used by permanent object pool.
[2018.06.11-12.40.51:957][  0]LogUObjectArray: CloseDisregardForGC: 0/0 objects in disregard for GC pool
[2018.06.11-12.40.53:804][  0]LogTcpMessaging: Initializing TcpMessaging bridge
[2018.06.11-12.40.53:840][  0]LogUdpMessaging: Initializing bridge on interface 0.0.0.0:0 to multicast group 230.0.0.1:6666.
[2018.06.11-12.40.54:298][  0]SourceControl: 소스 콘트롤이 꺼졌습니다.
[2018.06.11-12.40.54:299][  0]LogWindows: Warning: CreateProc failed: 지정된 파일을 찾을 수 없습니다. (0x00000002)
[2018.06.11-12.40.54:299][  0]LogWindows: Warning: URL: C:/Program Files/Git/bin/git.exe version
[2018.06.11-12.40.54:300][  0]LogWindows: Warning: CreateProc failed: 지정된 파일을 찾을 수 없습니다. (0x00000002)
[2018.06.11-12.40.54:300][  0]LogWindows: Warning: URL: C:/Program Files (x86)/Git/bin/git.exe version
[2018.06.11-12.40.54:300][  0]LogWindows: Warning: CreateProc failed: 지정된 파일을 찾을 수 없습니다. (0x00000002)
[2018.06.11-12.40.54:300][  0]LogWindows: Warning: URL: C:\Users\leet3\AppData\Local/Programs/Git/cmd/git.exe version
[2018.06.11-12.40.54:301][  0]LogWindows: Warning: CreateProc failed: 지정된 파일을 찾을 수 없습니다. (0x00000002)
[2018.06.11-12.40.54:301][  0]LogWindows: Warning: URL: C:/Program Files (x86)/SmartGit/git/bin/git.exe version
[2018.06.11-12.40.54:301][  0]LogWindows: Warning: CreateProc failed: 지정된 파일을 찾을 수 없습니다. (0x00000002)
[2018.06.11-12.40.54:301][  0]LogWindows: Warning: URL: C:/Program Files (x86)/SmartGit/bin/git.exe version
[2018.06.11-12.40.55:638][  0]LogAndroidPermission: UAndroidPermissionCallbackProxy::GetInstance
[2018.06.11-12.40.55:867][  0]LogOcInput: OculusInput pre-init called
[2018.06.11-12.40.55:995][  0]LogEngine: Initializing Engine...
[2018.06.11-12.40.55:997][  0]LogHMD: Failed to initialize OpenVR with code 110
[2018.06.11-12.40.55:999][  0]LogStats: UGameplayTagsManager::ConstructGameplayTagTree: Construct from data asset -  0.000 s
[2018.06.11-12.40.55:999][  0]LogStats: UGameplayTagsManager::ConstructGameplayTagTree: GameplayTagTreeChangedEvent.Broadcast -  0.000 s
[2018.06.11-12.40.56:231][  0]LogAIModule: Creating AISystem for world Untitled
[2018.06.11-12.40.56:264][  0]LogInit: XAudio2 using 'LG IPS FULLHD-4(NVIDIA High Definition Audio)' : 2 channels at 48 kHz using 16 bits per sample (channel mask 0x3)
[2018.06.11-12.40.56:319][  0]LogInit: FAudioDevice initialized.
[2018.06.11-12.40.56:399][  0]LogDerivedDataCache: Saved boot cache 0.08s 74MB C:/Users/leet3/AppData/Local/UnrealEngine/4.19/DerivedDataCache/Boot.ddc.
[2018.06.11-12.40.56:413][  0]LogInit: Texture streaming: Enabled
[2018.06.11-12.40.56:431][  0]LogEngineSessionManager: EngineSessionManager initialized
[2018.06.11-12.40.56:446][  0]LogInit: Transaction tracking system initialized
[2018.06.11-12.40.56:470][  0]BlueprintLog: New page: 에디터 로드
[2018.06.11-12.40.56:546][  0]LocalizationService: 현지화 서비스가 비활성화되었습니다.
[2018.06.11-12.40.56:661][  0]LogConsoleResponse: Display: 
[2018.06.11-12.40.56:803][  0]LogCook: Display: Max memory allowance for cook 16384mb min free memory 0mb
[2018.06.11-12.40.56:803][  0]LogCook: Display: Mobile HDR setting 1
[2018.06.11-12.40.56:803][  0]LogGameplayTags: Display: UGameplayTagsManager::DoneAddingNativeTags. DelegateIsBound: 0
[2018.06.11-12.40.56:803][  0]LogStats: UGameplayTagsManager::ConstructGameplayTagTree: Construct from data asset -  0.000 s
[2018.06.11-12.40.56:803][  0]LogStats: UGameplayTagsManager::ConstructGameplayTagTree: GameplayTagTreeChangedEvent.Broadcast -  0.000 s
[2018.06.11-12.40.57:067][  0]LogFileCache: Scanning file cache for directory 'C:/Users/leet3/Documents/Toyscape/Content/' took 0.02s
[2018.06.11-12.40.57:276][  0]Cmd: MAP LOAD FILE="C:/Users/leet3/Documents/Toyscape/Content/ThirdPersonBP/Maps/ThirdPersonExampleMap.umap" TEMPLATE=0 SHOWPROGRESS=1 FEATURELEVEL=3
[2018.06.11-12.40.57:279][  0]LightingResults: New page: 라이팅 빌드
[2018.06.11-12.40.57:281][  0]MapCheck: New page: 맵 체크
[2018.06.11-12.40.57:281][  0]LightingResults: New page: 라이팅 빌드
[2018.06.11-12.40.57:322][  0]LogLinker: Warning: '/Game/Mannequin/Animations/Climb' 파일을 찾을 수 없습니다.
[2018.06.11-12.40.57:322][  0]LogLinker: Warning: C:/Users/leet3/Documents/Toyscape/Content/Mannequin/Animations/Climb_Montage.uasset 로드중 '/Game/Mannequin/Animations/Climb' 애셋에 대한 파일을 찾을 수 없습니다.
[2018.06.11-12.40.57:322][  0]LoadErrors: Error: /Game/Mannequin/Animations/Climb_Montage : 애셋에 대한 파일을 찾을 수 없습니다. /Game/Mannequin/Animations/Climb
[2018.06.11-12.40.57:322][  0]LogLinker: Warning: '/Game/Mannequin/Animations/Crouch_to_Stand' 파일을 찾을 수 없습니다.
[2018.06.11-12.40.57:322][  0]LogLinker: Warning: C:/Users/leet3/Documents/Toyscape/Content/Mannequin/Animations/Climb_Montage.uasset 로드중 '/Game/Mannequin/Animations/Crouch_to_Stand' 애셋에 대한 파일을 찾을 수 없습니다.
[2018.06.11-12.40.57:322][  0]LoadErrors: Error: /Game/Mannequin/Animations/Climb_Montage : 애셋에 대한 파일을 찾을 수 없습니다. /Game/Mannequin/Animations/Crouch_to_Stand
[2018.06.11-12.40.57:323][  0]LogLinker: Warning: '/Game/Mannequin/Animations/Climb' 파일을 찾을 수 없습니다.
[2018.06.11-12.40.57:323][  0]LogLinker: Warning: C:/Users/leet3/Documents/Toyscape/Content/Mannequin/Animations/Climb_Montage.uasset 로드중 '/Game/Mannequin/Animations/Climb' 애셋에 대한 파일을 찾을 수 없습니다.
[2018.06.11-12.40.57:323][  0]LoadErrors: Error: /Game/Mannequin/Animations/Climb_Montage : 애셋에 대한 파일을 찾을 수 없습니다. /Game/Mannequin/Animations/Climb
[2018.06.11-12.40.57:323][  0]LogLinker: Warning: '/Game/Mannequin/Animations/Crouch_to_Stand' 파일을 찾을 수 없습니다.
[2018.06.11-12.40.57:323][  0]LogLinker: Warning: C:/Users/leet3/Documents/Toyscape/Content/Mannequin/Animations/Climb_Montage.uasset 로드중 '/Game/Mannequin/Animations/Crouch_to_Stand' 애셋에 대한 파일을 찾을 수 없습니다.
[2018.06.11-12.40.57:323][  0]LoadErrors: Error: /Game/Mannequin/Animations/Climb_Montage : 애셋에 대한 파일을 찾을 수 없습니다. /Game/Mannequin/Animations/Crouch_to_Stand
[2018.06.11-12.40.57:345][  0]LogLinker: Warning: '/Game/Mannequin/Animations/JumpLeft' 파일을 찾을 수 없습니다.
[2018.06.11-12.40.57:345][  0]LogLinker: Warning: C:/Users/leet3/Documents/Toyscape/Content/Mannequin/Animations/JumpLeft_Montage.uasset 로드중 '/Game/Mannequin/Animations/JumpLeft' 애셋에 대한 파일을 찾을 수 없습니다.
[2018.06.11-12.40.57:345][  0]LoadErrors: Error: /Game/Mannequin/Animations/JumpLeft_Montage : 애셋에 대한 파일을 찾을 수 없습니다. /Game/Mannequin/Animations/JumpLeft
[2018.06.11-12.40.57:345][  0]LogLinker: Warning: '/Game/Mannequin/Animations/JumpLeft' 파일을 찾을 수 없습니다.
[2018.06.11-12.40.57:346][  0]LogLinker: Warning: C:/Users/leet3/Documents/Toyscape/Content/Mannequin/Animations/JumpLeft_Montage.uasset 로드중 '/Game/Mannequin/Animations/JumpLeft' 애셋에 대한 파일을 찾을 수 없습니다.
[2018.06.11-12.40.57:346][  0]LoadErrors: Error: /Game/Mannequin/Animations/JumpLeft_Montage : 애셋에 대한 파일을 찾을 수 없습니다. /Game/Mannequin/Animations/JumpLeft
[2018.06.11-12.40.57:430][  0]LogUObjectGlobals: Created PersistentFrame Addr=0x000001d1c38b0100, Size=5000, Default__ThirdPersonCharacter_C Function /Game/ThirdPersonBP/Blueprints/ThirdPersonCharacter.ThirdPersonCharacter_C:ExecuteUbergraph_ThirdPersonCharacter
[2018.06.11-12.40.57:434][  0]LogUObjectGlobals: Created PersistentFrame Addr=0x000001d1a97bda80, Size=360, Default__ThirdPerson_AnimBP_C Function /Game/Mannequin/Animations/ThirdPerson_AnimBP.ThirdPerson_AnimBP_C:ExecuteUbergraph_ThirdPerson_AnimBP
[2018.06.11-12.40.57:625][  0]LogUObjectGlobals: Created PersistentFrame Addr=0x000001d1a9794c00, Size=248, Default__Push_Pull_C Function /Game/ThirdPersonBP/Blueprints/Push_Pull.Push_Pull_C:ExecuteUbergraph_Push_Pull
[2018.06.11-12.40.57:636][  0]LogUObjectGlobals: Created PersistentFrame Addr=0x000001d1a9772fc8, Size=24, Default__ThirdPersonGameMode_C Function /Game/ThirdPersonBP/Blueprints/ThirdPersonGameMode.ThirdPersonGameMode_C:ExecuteUbergraph_ThirdPersonGameMode
[2018.06.11-12.40.57:641][  0]LogLinker: Warning: '/Game/ThirdPersonBP/Blueprints/Flashlight/Flash_Empty' 파일을 찾을 수 없습니다.
[2018.06.11-12.40.57:641][  0]LogLinker: Warning: C:/Users/leet3/Documents/Toyscape/Content/ThirdPersonBP/Blueprints/GameHUD.uasset 로드중 '/Game/ThirdPersonBP/Blueprints/Flashlight/Flash_Empty' 애셋에 대한 파일을 찾을 수 없습니다.
[2018.06.11-12.40.57:642][  0]LoadErrors: Error: /Game/ThirdPersonBP/Blueprints/GameHUD : 애셋에 대한 파일을 찾을 수 없습니다. /Game/ThirdPersonBP/Blueprints/Flashlight/Flash_Empty
[2018.06.11-12.40.57:642][  0]LogLinker: Warning: '/Game/ThirdPersonBP/Blueprints/Flashlight/Flash_Full' 파일을 찾을 수 없습니다.
[2018.06.11-12.40.57:642][  0]LogLinker: Warning: C:/Users/leet3/Documents/Toyscape/Content/ThirdPersonBP/Blueprints/GameHUD.uasset 로드중 '/Game/ThirdPersonBP/Blueprints/Flashlight/Flash_Full' 애셋에 대한 파일을 찾을 수 없습니다.
[2018.06.11-12.40.57:642][  0]LoadErrors: Error: /Game/ThirdPersonBP/Blueprints/GameHUD : 애셋에 대한 파일을 찾을 수 없습니다. /Game/ThirdPersonBP/Blueprints/Flashlight/Flash_Full
[2018.06.11-12.40.57:643][  0]LogLinker: Warning: '/Game/ThirdPersonBP/Blueprints/Flashlight/Flash_Empty' 파일을 찾을 수 없습니다.
[2018.06.11-12.40.57:643][  0]LogLinker: Warning: C:/Users/leet3/Documents/Toyscape/Content/ThirdPersonBP/Blueprints/GameHUD.uasset 로드중 '/Game/ThirdPersonBP/Blueprints/Flashlight/Flash_Empty' 애셋에 대한 파일을 찾을 수 없습니다.
[2018.06.11-12.40.57:643][  0]LoadErrors: Error: /Game/ThirdPersonBP/Blueprints/GameHUD : 애셋에 대한 파일을 찾을 수 없습니다. /Game/ThirdPersonBP/Blueprints/Flashlight/Flash_Empty
[2018.06.11-12.40.57:643][  0]LogLinker: Warning: '/Game/ThirdPersonBP/Blueprints/Flashlight/Flash_Full' 파일을 찾을 수 없습니다.
[2018.06.11-12.40.57:643][  0]LogLinker: Warning: C:/Users/leet3/Documents/Toyscape/Content/ThirdPersonBP/Blueprints/GameHUD.uasset 로드중 '/Game/ThirdPersonBP/Blueprints/Flashlight/Flash_Full' 애셋에 대한 파일을 찾을 수 없습니다.
[2018.06.11-12.40.57:643][  0]LoadErrors: Error: /Game/ThirdPersonBP/Blueprints/GameHUD : 애셋에 대한 파일을 찾을 수 없습니다. /Game/ThirdPersonBP/Blueprints/Flashlight/Flash_Full
[2018.06.11-12.40.57:644][  0]LogUObjectGlobals: Created PersistentFrame Addr=0x000001d1a97e0b00, Size=32, Default__GameHUD_C Function /Game/ThirdPersonBP/Blueprints/GameHUD.GameHUD_C:ExecuteUbergraph_GameHUD
[2018.06.11-12.40.57:652][  0]LogLinker: Warning: '/Game/ThirdPersonBP/Blueprints/Flashlight/Flash_Empty' 파일을 찾을 수 없습니다.
[2018.06.11-12.40.57:652][  0]LogLinker: Warning: C:/Users/leet3/Documents/Toyscape/Content/Mannequin/Animations/ThirdPerson_AnimBP.uasset 로드중 '/Game/ThirdPersonBP/Blueprints/Flashlight/Flash_Empty' 애셋에 대한 파일을 찾을 수 없습니다.
[2018.06.11-12.40.57:652][  0]LoadErrors: Error: /Game/Mannequin/Animations/ThirdPerson_AnimBP : 애셋에 대한 파일을 찾을 수 없습니다. /Game/ThirdPersonBP/Blueprints/Flashlight/Flash_Empty
[2018.06.11-12.40.57:653][  0]LogLinker: Warning: '/Game/ThirdPersonBP/Blueprints/Flashlight/Flash_Full' 파일을 찾을 수 없습니다.
[2018.06.11-12.40.57:653][  0]LogLinker: Warning: C:/Users/leet3/Documents/Toyscape/Content/Mannequin/Animations/ThirdPerson_AnimBP.uasset 로드중 '/Game/ThirdPersonBP/Blueprints/Flashlight/Flash_Full' 애셋에 대한 파일을 찾을 수 없습니다.
[2018.06.11-12.40.57:653][  0]LoadErrors: Error: /Game/Mannequin/Animations/ThirdPerson_AnimBP : 애셋에 대한 파일을 찾을 수 없습니다. /Game/ThirdPersonBP/Blueprints/Flashlight/Flash_Full
[2018.06.11-12.40.57:653][  0]LogLinker: Warning: '/Game/ThirdPersonBP/Blueprints/Flashlight/Flash_Empty' 파일을 찾을 수 없습니다.
[2018.06.11-12.40.57:654][  0]LogLinker: Warning: C:/Users/leet3/Documents/Toyscape/Content/Mannequin/Animations/ThirdPerson_AnimBP.uasset 로드중 '/Game/ThirdPersonBP/Blueprints/Flashlight/Flash_Empty' 애셋에 대한 파일을 찾을 수 없습니다.
[2018.06.11-12.40.57:654][  0]LoadErrors: Error: /Game/Mannequin/Animations/ThirdPerson_AnimBP : 애셋에 대한 파일을 찾을 수 없습니다. /Game/ThirdPersonBP/Blueprints/Flashlight/Flash_Empty
[2018.06.11-12.40.57:654][  0]LogLinker: Warning: '/Game/ThirdPersonBP/Blueprints/Flashlight/Flash_Full' 파일을 찾을 수 없습니다.
[2018.06.11-12.40.57:654][  0]LogLinker: Warning: C:/Users/leet3/Documents/Toyscape/Content/Mannequin/Animations/ThirdPerson_AnimBP.uasset 로드중 '/Game/ThirdPersonBP/Blueprints/Flashlight/Flash_Full' 애셋에 대한 파일을 찾을 수 없습니다.
[2018.06.11-12.40.57:654][  0]LoadErrors: Error: /Game/Mannequin/Animations/ThirdPerson_AnimBP : 애셋에 대한 파일을 찾을 수 없습니다. /Game/ThirdPersonBP/Blueprints/Flashlight/Flash_Full
[2018.06.11-12.40.57:655][  0]LogLinker: Warning: '/Game/ThirdPersonBP/Blueprints/Flashlight/Flash_Empty' 파일을 찾을 수 없습니다.
[2018.06.11-12.40.57:655][  0]LoadErrors: 로드에 실패했습니다. /Game/ThirdPersonBP/Blueprints/Flashlight/Flash_Empty.Flash_Empty 레퍼런싱한 것: ProgressBar_122
[2018.06.11-12.40.57:655][  0]LogLinker: Warning: C:/Users/leet3/Documents/Toyscape/Content/Mannequin/Animations/ThirdPerson_AnimBP.uasset 로드중 '/Game/ThirdPersonBP/Blueprints/Flashlight/Flash_Empty' 애셋에 대한 파일을 찾을 수 없습니다.
[2018.06.11-12.40.57:655][  0]LoadErrors: 로드에 실패했습니다. /Game/ThirdPersonBP/Blueprints/Flashlight/Flash_Empty.Flash_Empty 레퍼런싱한 것: ProgressBar_122
[2018.06.11-12.40.57:655][  0]LoadErrors: Error: /Game/Mannequin/Animations/ThirdPerson_AnimBP : 애셋에 대한 파일을 찾을 수 없습니다. /Game/ThirdPersonBP/Blueprints/Flashlight/Flash_Empty
[2018.06.11-12.40.57:656][  0]LogLinker: Warning: '/Game/ThirdPersonBP/Blueprints/Flashlight/Flash_Full' 파일을 찾을 수 없습니다.
[2018.06.11-12.40.57:656][  0]LoadErrors: 로드에 실패했습니다. /Game/ThirdPersonBP/Blueprints/Flashlight/Flash_Full.Flash_Full 레퍼런싱한 것: ProgressBar_122
[2018.06.11-12.40.57:656][  0]LogLinker: Warning: C:/Users/leet3/Documents/Toyscape/Content/Mannequin/Animations/ThirdPerson_AnimBP.uasset 로드중 '/Game/ThirdPersonBP/Blueprints/Flashlight/Flash_Full' 애셋에 대한 파일을 찾을 수 없습니다.
[2018.06.11-12.40.57:656][  0]LoadErrors: 로드에 실패했습니다. /Game/ThirdPersonBP/Blueprints/Flashlight/Flash_Full.Flash_Full 레퍼런싱한 것: ProgressBar_122
[2018.06.11-12.40.57:656][  0]LoadErrors: Error: /Game/Mannequin/Animations/ThirdPerson_AnimBP : 애셋에 대한 파일을 찾을 수 없습니다. /Game/ThirdPersonBP/Blueprints/Flashlight/Flash_Full
[2018.06.11-12.40.57:759][  0]LogUObjectGlobals: Destroyed PersistentFrame Addr=0x000001d1a9794c00, Size=248
[2018.06.11-12.40.57:759][  0]LogUObjectGlobals: Created PersistentFrame Addr=0x000001d1aa3c6200, Size=248, Default__Push_Pull_C Function /Engine/Transient.REINST_Push_Pull_C_5:ExecuteUbergraph_Push_Pull
[2018.06.11-12.40.57:762][  0]LogUObjectGlobals: Destroyed PersistentFrame Addr=0x000001d1a97bda80, Size=360
[2018.06.11-12.40.57:762][  0]LogUObjectGlobals: Created PersistentFrame Addr=0x000001d1aa217880, Size=360, Default__ThirdPerson_AnimBP_C Function /Engine/Transient.REINST_ThirdPerson_AnimBP_C_0:ExecuteUbergraph_ThirdPerson_AnimBP
[2018.06.11-12.40.57:762][  0]LogUObjectGlobals: Destroyed PersistentFrame Addr=0x000001d1a97e0b00, Size=32
[2018.06.11-12.40.57:762][  0]LogUObjectGlobals: Created PersistentFrame Addr=0x000001d1aa274f80, Size=32, Default__GameHUD_C Function /Engine/Transient.REINST_GameHUD_C_0:ExecuteUbergraph_GameHUD
[2018.06.11-12.40.57:765][  0]LogUObjectGlobals: Destroyed PersistentFrame Addr=0x000001d1c38b0100, Size=5000
[2018.06.11-12.40.57:765][  0]LogUObjectGlobals: Created PersistentFrame Addr=0x000001d1aa1fab00, Size=5000, Default__ThirdPersonCharacter_C Function /Engine/Transient.REINST_ThirdPersonCharacter_C_6:ExecuteUbergraph_ThirdPersonCharacter
[2018.06.11-12.40.57:765][  0]LogUObjectGlobals: Destroyed PersistentFrame Addr=0x000001d1a9772fc8, Size=24
[2018.06.11-12.40.57:765][  0]LogUObjectGlobals: Created PersistentFrame Addr=0x000001d1aa4008b0, Size=24, Default__ThirdPersonGameMode_C Function /Engine/Transient.REINST_ThirdPersonGameMode_C_7:ExecuteUbergraph_ThirdPersonGameMode
[2018.06.11-12.40.57:840][  0]LogUObjectGlobals: Created PersistentFrame Addr=0x000001d1aaaab200, Size=248, Default__Push_Pull_C Function /Game/ThirdPersonBP/Blueprints/Push_Pull.Push_Pull_C:ExecuteUbergraph_Push_Pull
[2018.06.11-12.40.57:843][  0]LogUObjectGlobals: Created PersistentFrame Addr=0x000001d1aaaa4a00, Size=360, Default__ThirdPerson_AnimBP_C Function /Game/Mannequin/Animations/ThirdPerson_AnimBP.ThirdPerson_AnimBP_C:ExecuteUbergraph_ThirdPerson_AnimBP
[2018.06.11-12.40.57:845][  0]LogUObjectGlobals: Created PersistentFrame Addr=0x000001d1aaa6d6c0, Size=32, Default__GameHUD_C Function /Game/ThirdPersonBP/Blueprints/GameHUD.GameHUD_C:ExecuteUbergraph_GameHUD
[2018.06.11-12.40.57:863][  0]LogUObjectGlobals: Created PersistentFrame Addr=0x000001d1aaa50100, Size=5000, Default__ThirdPersonCharacter_C Function /Game/ThirdPersonBP/Blueprints/ThirdPersonCharacter.ThirdPersonCharacter_C:ExecuteUbergraph_ThirdPersonCharacter
[2018.06.11-12.40.57:870][  0]LogUObjectGlobals: Created PersistentFrame Addr=0x000001d1aabb0478, Size=24, Default__ThirdPersonGameMode_C Function /Game/ThirdPersonBP/Blueprints/ThirdPersonGameMode.ThirdPersonGameMode_C:ExecuteUbergraph_ThirdPersonGameMode
[2018.06.11-12.40.58:025][  0]LogLinker: Warning: '/Game/Mannequin/Animations/Climb' 파일을 찾을 수 없습니다.
[2018.06.11-12.40.58:025][  0]LoadErrors: 로드에 실패했습니다. /Game/Mannequin/Animations/Climb.Climb 레퍼런싱한 것: Climb_Montage
[2018.06.11-12.40.58:025][  0]LogLinker: Warning: NULL 로드중 '/Game/Mannequin/Animations/Climb' 애셋에 대한 파일을 찾을 수 없습니다.
[2018.06.11-12.40.58:025][  0]LoadErrors: 로드에 실패했습니다. /Game/Mannequin/Animations/Climb.Climb 레퍼런싱한 것: Climb_Montage
[2018.06.11-12.40.58:025][  0]LogLinker: Warning: '/Game/Mannequin/Animations/Climb' 파일을 찾을 수 없습니다.
[2018.06.11-12.40.58:025][  0]LoadErrors: 로드에 실패했습니다. /Game/Mannequin/Animations/Climb.Climb 레퍼런싱한 것: Climb_Montage
[2018.06.11-12.40.58:026][  0]LogLinker: Warning: NULL 로드중 '/Game/Mannequin/Animations/Climb' 애셋에 대한 파일을 찾을 수 없습니다.
[2018.06.11-12.40.58:026][  0]LoadErrors: 로드에 실패했습니다. /Game/Mannequin/Animations/Climb.Climb 레퍼런싱한 것: Climb_Montage
[2018.06.11-12.40.58:026][  0]LogLinker: Warning: '/Game/Mannequin/Animations/Crouch_to_Stand' 파일을 찾을 수 없습니다.
[2018.06.11-12.40.58:026][  0]LoadErrors: 로드에 실패했습니다. /Game/Mannequin/Animations/Crouch_to_Stand.Crouch_to_Stand 레퍼런싱한 것: Climb_Montage
[2018.06.11-12.40.58:026][  0]LogLinker: Warning: NULL 로드중 '/Game/Mannequin/Animations/Crouch_to_Stand' 애셋에 대한 파일을 찾을 수 없습니다.
[2018.06.11-12.40.58:026][  0]LoadErrors: 로드에 실패했습니다. /Game/Mannequin/Animations/Crouch_to_Stand.Crouch_to_Stand 레퍼런싱한 것: Climb_Montage
[2018.06.11-12.40.58:026][  0]LogLinker: Warning: '/Game/Mannequin/Animations/Crouch_to_Stand' 파일을 찾을 수 없습니다.
[2018.06.11-12.40.58:026][  0]LoadErrors: 로드에 실패했습니다. /Game/Mannequin/Animations/Crouch_to_Stand.Crouch_to_Stand 레퍼런싱한 것: Climb_Montage
[2018.06.11-12.40.58:027][  0]LogLinker: Warning: NULL 로드중 '/Game/Mannequin/Animations/Crouch_to_Stand' 애셋에 대한 파일을 찾을 수 없습니다.
[2018.06.11-12.40.58:027][  0]LoadErrors: 로드에 실패했습니다. /Game/Mannequin/Animations/Crouch_to_Stand.Crouch_to_Stand 레퍼런싱한 것: Climb_Montage
[2018.06.11-12.40.58:076][  0]LogLinker: Warning: '/Game/Mannequin/Animations/JumpLeft' 파일을 찾을 수 없습니다.
[2018.06.11-12.40.58:076][  0]LoadErrors: 로드에 실패했습니다. /Game/Mannequin/Animations/JumpLeft.JumpLeft 레퍼런싱한 것: JumpLeft_Montage
[2018.06.11-12.40.58:076][  0]LogLinker: Warning: NULL 로드중 '/Game/Mannequin/Animations/JumpLeft' 애셋에 대한 파일을 찾을 수 없습니다.
[2018.06.11-12.40.58:076][  0]LoadErrors: 로드에 실패했습니다. /Game/Mannequin/Animations/JumpLeft.JumpLeft 레퍼런싱한 것: JumpLeft_Montage
[2018.06.11-12.40.58:076][  0]LogLinker: Warning: '/Game/Mannequin/Animations/JumpLeft' 파일을 찾을 수 없습니다.
[2018.06.11-12.40.58:076][  0]LoadErrors: 로드에 실패했습니다. /Game/Mannequin/Animations/JumpLeft.JumpLeft 레퍼런싱한 것: JumpLeft_Montage
[2018.06.11-12.40.58:077][  0]LogLinker: Warning: NULL 로드중 '/Game/Mannequin/Animations/JumpLeft' 애셋에 대한 파일을 찾을 수 없습니다.
[2018.06.11-12.40.58:077][  0]LoadErrors: 로드에 실패했습니다. /Game/Mannequin/Animations/JumpLeft.JumpLeft 레퍼런싱한 것: JumpLeft_Montage
[2018.06.11-12.40.58:077][  0]LogLinker: Warning: '/Game/Mannequin/Animations/JumpLeft' 파일을 찾을 수 없습니다.
[2018.06.11-12.40.58:077][  0]LoadErrors: 로드에 실패했습니다. /Game/Mannequin/Animations/JumpLeft.JumpLeft 레퍼런싱한 것: JumpLeft_Montage
[2018.06.11-12.40.58:077][  0]LogLinker: Warning: NULL 로드중 '/Game/Mannequin/Animations/JumpLeft' 애셋에 대한 파일을 찾을 수 없습니다.
[2018.06.11-12.40.58:077][  0]LoadErrors: 로드에 실패했습니다. /Game/Mannequin/Animations/JumpLeft.JumpLeft 레퍼런싱한 것: JumpLeft_Montage
[2018.06.11-12.40.58:634][  0]LogSkeletalMesh: Skeletal Mesh found in DDC [27.256254ms] /Game/Mannequin/Character/Mesh/SK_Mannequin.SK_Mannequin
[2018.06.11-12.40.58:659][  0]LogAIModule: Creating AISystem for world ThirdPersonExampleMap
[2018.06.11-12.40.58:671][  0]LogEditorServer: Finished looking for orphan Actors (0.000 secs)
[2018.06.11-12.40.58:686][  0]LogUObjectGlobals: Destroyed PersistentFrame Addr=0x000001d1aa1fab00, Size=5000
[2018.06.11-12.40.58:686][  0]LogUObjectGlobals: Destroyed PersistentFrame Addr=0x000001d1aa217880, Size=360
[2018.06.11-12.40.58:686][  0]LogUObjectGlobals: Destroyed PersistentFrame Addr=0x000001d1aa3c6200, Size=248
[2018.06.11-12.40.58:686][  0]LogUObjectGlobals: Destroyed PersistentFrame Addr=0x000001d1aa4008b0, Size=24
[2018.06.11-12.40.58:686][  0]LogUObjectGlobals: Destroyed PersistentFrame Addr=0x000001d1aa274f80, Size=32
[2018.06.11-12.40.58:688][  0]Cmd: MAP CHECKDEP NOCLEARLOG
[2018.06.11-12.40.58:777][  0]MapCheck: 맵 체크 완료: 오류 0 회, 경고 0 회, 소요 시간 88.715ms.
[2018.06.11-12.40.58:777][  0]LogFileHelpers: Loading map 'ThirdPersonExampleMap' took 1.501
[2018.06.11-12.40.59:007][  0]LogCollectionManager: Loaded 0 collections in 0.001395 seconds
[2018.06.11-12.40.59:053][  0]LogFileCache: Scanning file cache for directory 'C:/Users/leet3/Documents/Toyscape/Saved/Collections/' took 0.01s
[2018.06.11-12.40.59:053][  0]LogFileCache: Scanning file cache for directory 'C:/Users/leet3/Documents/Toyscape/Content/Developers/leet3/Collections/' took 0.01s
[2018.06.11-12.40.59:053][  0]LogFileCache: Scanning file cache for directory 'C:/Users/leet3/Documents/Toyscape/Content/Collections/' took 0.01s
[2018.06.11-12.40.59:053][  0]LogCollectionManager: Rebuilt the GUID cache for 0 collections in 0.000000 seconds
[2018.06.11-12.40.59:062][  0]LogContentBrowser: Native class hierarchy populated in 0.0081 seconds. Added 2452 classes and 558 folders.
[2018.06.11-12.40.59:068][  0]LogContentBrowser: Native class hierarchy updated for 'WidgetCarousel' in 0.0002 seconds. Added 0 classes and 0 folders.
[2018.06.11-12.41.00:350][  0]LogContentBrowser: Native class hierarchy updated for 'AddContentDialog' in 0.0003 seconds. Added 0 classes and 0 folders.
[2018.06.11-12.41.00:355][  0]LogContentBrowser: Native class hierarchy updated for 'SceneOutliner' in 0.0003 seconds. Added 1 classes and 2 folders.
[2018.06.11-12.41.00:374][  0]LogSlate: Took 0.000419 seconds to synchronously load lazily loaded font '../../../Engine/Content/Slate/Fonts/Roboto-Regular.ttf' (155K)
[2018.06.11-12.41.00:380][  0]LogSlate: Took 0.004170 seconds to synchronously load lazily loaded font '../../../Engine/Content/Editor/Slate/Fonts/NanumGothic.ttf' (4243K)
[2018.06.11-12.41.00:384][  0]LogSlate: Took 0.003552 seconds to synchronously load lazily loaded font '../../../Engine/Content/Editor/Slate/Fonts/NanumGothicBold.ttf' (4188K)
[2018.06.11-12.41.00:385][  0]LogSlate: Took 0.000898 seconds to synchronously load lazily loaded font '../../../Engine/Content/Slate/Fonts/Roboto-Bold.ttf' (160K)
[2018.06.11-12.41.00:405][  0]LogSlate: Took 0.014858 seconds to synchronously load lazily loaded font '../../../Engine/Content/Editor/Slate/Fonts/FontAwesome.ttf' (139K)
[2018.06.11-12.41.00:739][  0]LogRenderer: Reallocating scene render targets to support 1208x576 Format 10 NumSamples 1 (Frame:1).
[2018.06.11-12.41.00:878][  0]LogContentBrowser: Native class hierarchy updated for 'HierarchicalLODOutliner' in 0.0002 seconds. Added 0 classes and 0 folders.
[2018.06.11-12.41.00:878][  0]LogLoad: (Engine Initialization) Total time: 15.25 seconds
[2018.06.11-12.41.00:878][  0]LogLoad: (Engine Initialization) Total Blueprint compile time: 0.00 seconds
[2018.06.11-12.41.01:243][  0]LogContentStreaming: Texture pool size now 1000 MB
[2018.06.11-12.41.01:253][  0]LogSlate: FSceneViewport::OnFocusLost() reason 2
[2018.06.11-12.41.01:308][  0]LogSlate: Took 0.016146 seconds to synchronously load lazily loaded font '../../../Engine/Content/Slate/Fonts/Roboto-Light.ttf' (167K)
[2018.06.11-12.41.01:565][  1]LogAssetRegistry: Asset discovery search completed in 10.6196 seconds
[2018.06.11-12.41.01:567][  1]LogCollectionManager: Rebuilt the object cache for 0 collections in 0.000000 seconds (found 0 objects)
[2018.06.11-12.41.01:567][  1]LogCollectionManager: Fixed up redirectors for 0 collections in 0.000037 seconds (updated 0 objects)
[2018.06.11-12.41.14:307][177]LogSlate: Window '메시지 로그' being destroyed
[2018.06.11-12.41.14:313][177]LogSlate: Window '메시지 로그' being destroyed
[2018.06.11-12.41.15:670][337]LogSlate: Took 0.000299 seconds to synchronously load lazily loaded font '../../../Engine/Content/Slate/Fonts/Roboto-Light.ttf' (167K)
[2018.06.11-12.41.15:691][337]LogLinker: Warning: '/Game/Mannequin/Animations/Climb' 파일을 찾을 수 없습니다.
[2018.06.11-12.41.15:692][337]LogLinker: Warning: C:/Users/leet3/Documents/Toyscape/Content/AI/AICharacter.uasset 로드중 '/Game/Mannequin/Animations/Climb' 애셋에 대한 파일을 찾을 수 없습니다.
[2018.06.11-12.41.15:692][337]LoadErrors: Error: /Game/AI/AICharacter : 애셋에 대한 파일을 찾을 수 없습니다. /Game/Mannequin/Animations/Climb
[2018.06.11-12.41.15:701][337]LogUObjectGlobals: Created PersistentFrame Addr=0x000001d1aabac100, Size=344, Default__AICharacter_Controller_C Function /Game/AI/AICharacter_Controller.AICharacter_Controller_C:ExecuteUbergraph_AICharacter_Controller
[2018.06.11-12.41.15:702][337]LogUObjectGlobals: Created PersistentFrame Addr=0x000001d1d41fd580, Size=528, Default__AICharacter_C Function /Game/AI/AICharacter.AICharacter_C:ExecuteUbergraph_AICharacter
[2018.06.11-12.41.15:703][337]LogLinker: Warning: '/Game/Mannequin/Animations/Climb' 파일을 찾을 수 없습니다.
[2018.06.11-12.41.15:703][337]LogLinker: Warning: C:/Users/leet3/Documents/Toyscape/Content/AI/Tasks/AttackAnimation.uasset 로드중 '/Game/Mannequin/Animations/Climb' 애셋에 대한 파일을 찾을 수 없습니다.
[2018.06.11-12.41.15:703][337]LoadErrors: Error: /Game/AI/Tasks/AttackAnimation : 애셋에 대한 파일을 찾을 수 없습니다. /Game/Mannequin/Animations/Climb
[2018.06.11-12.41.15:740][337]LogLinker: Warning: '/Game/Mannequin/Animations/Climb' 파일을 찾을 수 없습니다.
[2018.06.11-12.41.15:740][337]LogLinker: Warning: C:/Users/leet3/Documents/Toyscape/Content/AI/Tasks/AttackAnimation.uasset 로드중 '/Game/Mannequin/Animations/Climb' 애셋에 대한 파일을 찾을 수 없습니다.
[2018.06.11-12.41.15:741][337]LogLinker: Warning: '/Game/Mannequin/Animations/Climb' 파일을 찾을 수 없습니다.
[2018.06.11-12.41.15:741][337]LoadErrors: 로드에 실패했습니다. /Game/Mannequin/Animations/Climb.Climb 레퍼런싱한 것: K2Node_CallFunction_62
[2018.06.11-12.41.15:742][337]LogLinker: Warning: C:/Users/leet3/Documents/Toyscape/Content/AI/Tasks/AttackAnimation.uasset 로드중 '/Game/Mannequin/Animations/Climb' 애셋에 대한 파일을 찾을 수 없습니다.
[2018.06.11-12.41.15:743][337]LogUObjectGlobals: Created PersistentFrame Addr=0x000001d1eb6342e0, Size=32, Default__AttackAnimation_C Function /Game/AI/Tasks/AttackAnimation.AttackAnimation_C:ExecuteUbergraph_AttackAnimation
[2018.06.11-12.41.15:749][337]LogUObjectGlobals: Created PersistentFrame Addr=0x000001d1eb764f38, Size=56, Default__FindRandomLocation_C Function /Game/AI/Tasks/FindRandomLocation.FindRandomLocation_C:ExecuteUbergraph_FindRandomLocation
[2018.06.11-12.41.15:753][337]LogUObjectGlobals: Created PersistentFrame Addr=0x000001d1eb634a40, Size=32, Default__FocusOnPlayer_C Function /Game/AI/Tasks/FocusOnPlayer.FocusOnPlayer_C:ExecuteUbergraph_FocusOnPlayer
[2018.06.11-12.41.15:756][337]LogUObjectGlobals: Created PersistentFrame Addr=0x000001d1eb634c80, Size=32, Default__GetTargetLocation_C Function /Game/AI/Tasks/GetTargetLocation.GetTargetLocation_C:ExecuteUbergraph_GetTargetLocation
[2018.06.11-12.41.15:761][337]LogUObjectGlobals: Created PersistentFrame Addr=0x000001d1e8f56780, Size=112, Default__GoToLastUnknownLocation_C Function /Game/AI/Tasks/GoToLastUnknownLocation.GoToLastUnknownLocation_C:ExecuteUbergraph_GoToLastUnknownLocation
[2018.06.11-12.41.15:765][337]LogUObjectGlobals: Created PersistentFrame Addr=0x000001d1ea9eb8a8, Size=40, Default__MoveNearPlayer_C Function /Game/AI/Tasks/MoveNearPlayer.MoveNearPlayer_C:ExecuteUbergraph_MoveNearPlayer
[2018.06.11-12.41.15:770][337]LogUObjectGlobals: Created PersistentFrame Addr=0x000001d1e8f56940, Size=112, Default__MoveToFast_C Function /Game/AI/Tasks/MoveToFast.MoveToFast_C:ExecuteUbergraph_MoveToFast
[2018.06.11-12.41.15:773][337]LogUObjectGlobals: Created PersistentFrame Addr=0x000001d1d3b18ca0, Size=24, Default__StopLookingAtPlayer_C Function /Game/AI/Tasks/StopLookingAtPlayer.StopLookingAtPlayer_C:ExecuteUbergraph_StopLookingAtPlayer
[2018.06.11-12.41.15:783][337]LogUObjectGlobals: Destroyed PersistentFrame Addr=0x000001d1d41fd580, Size=528
[2018.06.11-12.41.15:784][337]LogUObjectGlobals: Created PersistentFrame Addr=0x000001d1e9152980, Size=528, Default__AICharacter_C Function /Engine/Transient.REINST_AICharacter_C_17:ExecuteUbergraph_AICharacter
[2018.06.11-12.41.15:784][337]LogUObjectGlobals: Destroyed PersistentFrame Addr=0x000001d1aabac100, Size=344
[2018.06.11-12.41.15:784][337]LogUObjectGlobals: Created PersistentFrame Addr=0x000001d1d40c6b00, Size=344, Default__AICharacter_Controller_C Function /Engine/Transient.REINST_AICharacter_Controller_C_18:ExecuteUbergraph_AICharacter_Controller
[2018.06.11-12.41.15:784][337]LogUObjectGlobals: Destroyed PersistentFrame Addr=0x000001d1eb6342e0, Size=32
[2018.06.11-12.41.15:784][337]LogUObjectGlobals: Created PersistentFrame Addr=0x000001d1e90f7be0, Size=32, Default__AttackAnimation_C Function /Engine/Transient.REINST_AttackAnimation_C_19:ExecuteUbergraph_AttackAnimation
[2018.06.11-12.41.15:784][337]LogUObjectGlobals: Destroyed PersistentFrame Addr=0x000001d1eb764f38, Size=56
[2018.06.11-12.41.15:784][337]LogUObjectGlobals: Created PersistentFrame Addr=0x000001d1eb764f38, Size=56, Default__FindRandomLocation_C Function /Engine/Transient.REINST_FindRandomLocation_C_20:ExecuteUbergraph_FindRandomLocation
[2018.06.11-12.41.15:784][337]LogUObjectGlobals: Destroyed PersistentFrame Addr=0x000001d1eb634a40, Size=32
[2018.06.11-12.41.15:784][337]LogUObjectGlobals: Created PersistentFrame Addr=0x000001d1e90f7b60, Size=32, Default__FocusOnPlayer_C Function /Engine/Transient.REINST_FocusOnPlayer_C_21:ExecuteUbergraph_FocusOnPlayer
[2018.06.11-12.41.15:785][337]LogUObjectGlobals: Destroyed PersistentFrame Addr=0x000001d1eb634c80, Size=32
[2018.06.11-12.41.15:785][337]LogUObjectGlobals: Created PersistentFrame Addr=0x000001d1e90f7aa0, Size=32, Default__GetTargetLocation_C Function /Engine/Transient.REINST_GetTargetLocation_C_22:ExecuteUbergraph_GetTargetLocation
[2018.06.11-12.41.15:785][337]LogUObjectGlobals: Destroyed PersistentFrame Addr=0x000001d1e8f56780, Size=112
[2018.06.11-12.41.15:785][337]LogUObjectGlobals: Created PersistentFrame Addr=0x000001d1e8f56780, Size=112, Default__GoToLastUnknownLocation_C Function /Engine/Transient.REINST_GoToLastUnknownLocation_C_23:ExecuteUbergraph_GoToLastUnknownLocation
[2018.06.11-12.41.15:785][337]LogUObjectGlobals: Destroyed PersistentFrame Addr=0x000001d1ea9eb8a8, Size=40
[2018.06.11-12.41.15:785][337]LogUObjectGlobals: Created PersistentFrame Addr=0x000001d1ea9eb8a8, Size=40, Default__MoveNearPlayer_C Function /Engine/Transient.REINST_MoveNearPlayer_C_24:ExecuteUbergraph_MoveNearPlayer
[2018.06.11-12.41.15:785][337]LogUObjectGlobals: Destroyed PersistentFrame Addr=0x000001d1e8f56940, Size=112
[2018.06.11-12.41.15:785][337]LogUObjectGlobals: Created PersistentFrame Addr=0x000001d1e8f56940, Size=112, Default__MoveToFast_C Function /Engine/Transient.REINST_MoveToFast_C_25:ExecuteUbergraph_MoveToFast
[2018.06.11-12.41.15:785][337]LogUObjectGlobals: Destroyed PersistentFrame Addr=0x000001d1d3b18ca0, Size=24
[2018.06.11-12.41.15:785][337]LogUObjectGlobals: Created PersistentFrame Addr=0x000001d1d3b18ca0, Size=24, Default__StopLookingAtPlayer_C Function /Engine/Transient.REINST_StopLookingAtPlayer_C_26:ExecuteUbergraph_StopLookingAtPlayer
[2018.06.11-12.41.15:798][337]LogUObjectGlobals: Created PersistentFrame Addr=0x000001d1e8ebf100, Size=528, Default__AICharacter_C Function /Game/AI/AICharacter.AICharacter_C:ExecuteUbergraph_AICharacter
[2018.06.11-12.41.15:799][337]LogUObjectGlobals: Created PersistentFrame Addr=0x000001d1a953d780, Size=344, Default__AICharacter_Controller_C Function /Game/AI/AICharacter_Controller.AICharacter_Controller_C:ExecuteUbergraph_AICharacter_Controller
[2018.06.11-12.41.15:800][337]LogUObjectGlobals: Created PersistentFrame Addr=0x000001d1e905e960, Size=32, Default__AttackAnimation_C Function /Game/AI/Tasks/AttackAnimation.AttackAnimation_C:ExecuteUbergraph_AttackAnimation
[2018.06.11-12.41.15:800][337]LogUObjectGlobals: Created PersistentFrame Addr=0x000001d1b7aea160, Size=56, Default__FindRandomLocation_C Function /Game/AI/Tasks/FindRandomLocation.FindRandomLocation_C:ExecuteUbergraph_FindRandomLocation
[2018.06.11-12.41.15:801][337]LogUObjectGlobals: Created PersistentFrame Addr=0x000001d1e905e5a0, Size=32, Default__FocusOnPlayer_C Function /Game/AI/Tasks/FocusOnPlayer.FocusOnPlayer_C:ExecuteUbergraph_FocusOnPlayer
[2018.06.11-12.41.15:801][337]LogUObjectGlobals: Created PersistentFrame Addr=0x000001d1e905e460, Size=32, Default__GetTargetLocation_C Function /Game/AI/Tasks/GetTargetLocation.GetTargetLocation_C:ExecuteUbergraph_GetTargetLocation
[2018.06.11-12.41.15:802][337]LogUObjectGlobals: Created PersistentFrame Addr=0x000001d1b3d56da0, Size=112, Default__GoToLastUnknownLocation_C Function /Game/AI/Tasks/GoToLastUnknownLocation.GoToLastUnknownLocation_C:ExecuteUbergraph_GoToLastUnknownLocation
[2018.06.11-12.41.15:802][337]LogUObjectGlobals: Created PersistentFrame Addr=0x000001d1ea9eb880, Size=40, Default__MoveNearPlayer_C Function /Game/AI/Tasks/MoveNearPlayer.MoveNearPlayer_C:ExecuteUbergraph_MoveNearPlayer
[2018.06.11-12.41.15:803][337]LogUObjectGlobals: Created PersistentFrame Addr=0x000001d1e8ff1750, Size=112, Default__MoveToFast_C Function /Game/AI/Tasks/MoveToFast.MoveToFast_C:ExecuteUbergraph_MoveToFast
[2018.06.11-12.41.15:803][337]LogUObjectGlobals: Created PersistentFrame Addr=0x000001d1d3b1adb8, Size=24, Default__StopLookingAtPlayer_C Function /Game/AI/Tasks/StopLookingAtPlayer.StopLookingAtPlayer_C:ExecuteUbergraph_StopLookingAtPlayer
[2018.06.11-12.41.15:815][337]LogLinker: Warning: '/Game/Mannequin/Animations/Climb' 파일을 찾을 수 없습니다.
[2018.06.11-12.41.15:815][337]LogLinker: Warning: C:/Users/leet3/Documents/Toyscape/Content/AI/AICharacter.uasset 로드중 '/Game/Mannequin/Animations/Climb' 애셋에 대한 파일을 찾을 수 없습니다.
[2018.06.11-12.41.15:865][337]LogUObjectGlobals: Created PersistentFrame Addr=0x000001d1b3d64480, Size=880, Default__Car_BP_C Function /Game/ThirdPersonBP/Blueprints/Car_BP.Car_BP_C:ExecuteUbergraph_Car_BP
[2018.06.11-12.41.15:872][337]LogBlueprint: Warning: [Compiler Car_BP] Get : 'StopOnImpact?' variable not found. Base class was probably changed. /Game/ThirdPersonBP/Blueprints/Car_BP.Car_BP
[2018.06.11-12.41.15:872][337]LogUObjectGlobals: Destroyed PersistentFrame Addr=0x000001d1b3d64480, Size=880
[2018.06.11-12.41.15:872][337]LogUObjectGlobals: Created PersistentFrame Addr=0x000001d1b7deb200, Size=880, Default__Car_BP_C Function /Engine/Transient.REINST_Car_BP_C_41:ExecuteUbergraph_Car_BP
[2018.06.11-12.41.15:877][337]LogUObjectGlobals: Created PersistentFrame Addr=0x000001d1b7dea780, Size=880, Default__Car_BP_C Function /Game/ThirdPersonBP/Blueprints/Car_BP.Car_BP_C:ExecuteUbergraph_Car_BP
[2018.06.11-12.41.15:878][337]LogBlueprint: Warning: [Compiler Car_BP] [0030.25] Car_BP 컴파일에 성공했습니다만, 경고가 1 회 있습니다. [소요시간 8 ms] (/Game/ThirdPersonBP/Blueprints/Car_BP.Car_BP)
[2018.06.11-12.41.15:884][337]LogLinker: Warning: '/Game/C4D/StaticMeshes/Duracell_AA_texture_Mat' 파일을 찾을 수 없습니다.
[2018.06.11-12.41.15:884][337]LogLinker: Warning: C:/Users/leet3/Documents/Toyscape/Content/ThirdPersonBP/Blueprints/Flashlight/Battery_Item.uasset 로드중 '/Game/C4D/StaticMeshes/Duracell_AA_texture_Mat' 애셋에 대한 파일을 찾을 수 없습니다.
[2018.06.11-12.41.15:884][337]LoadErrors: Error: /Game/ThirdPersonBP/Blueprints/Flashlight/Battery_Item : 애셋에 대한 파일을 찾을 수 없습니다. /Game/C4D/StaticMeshes/Duracell_AA_texture_Mat
[2018.06.11-12.41.15:884][337]LogLinker: Warning: '/Game/C4D/StaticMeshes/Duracell_AA_Cylinder' 파일을 찾을 수 없습니다.
[2018.06.11-12.41.15:885][337]LogLinker: Warning: C:/Users/leet3/Documents/Toyscape/Content/ThirdPersonBP/Blueprints/Flashlight/Battery_Item.uasset 로드중 '/Game/C4D/StaticMeshes/Duracell_AA_Cylinder' 애셋에 대한 파일을 찾을 수 없습니다.
[2018.06.11-12.41.15:885][337]LoadErrors: Error: /Game/ThirdPersonBP/Blueprints/Flashlight/Battery_Item : 애셋에 대한 파일을 찾을 수 없습니다. /Game/C4D/StaticMeshes/Duracell_AA_Cylinder
[2018.06.11-12.41.15:885][337]LogLinker: Warning: '/Game/C4D/StaticMeshes/Duracell_AA_texture_Mat' 파일을 찾을 수 없습니다.
[2018.06.11-12.41.15:885][337]LogLinker: Warning: C:/Users/leet3/Documents/Toyscape/Content/ThirdPersonBP/Blueprints/Flashlight/Battery_Item.uasset 로드중 '/Game/C4D/StaticMeshes/Duracell_AA_texture_Mat' 애셋에 대한 파일을 찾을 수 없습니다.
[2018.06.11-12.41.15:886][337]LogLinker: Warning: '/Game/C4D/StaticMeshes/Duracell_AA_Cylinder' 파일을 찾을 수 없습니다.
[2018.06.11-12.41.15:886][337]LogLinker: Warning: C:/Users/leet3/Documents/Toyscape/Content/ThirdPersonBP/Blueprints/Flashlight/Battery_Item.uasset 로드중 '/Game/C4D/StaticMeshes/Duracell_AA_Cylinder' 애셋에 대한 파일을 찾을 수 없습니다.
[2018.06.11-12.41.15:886][337]LogUObjectGlobals: Created PersistentFrame Addr=0x000001d1b7ddc2c0, Size=208, Default__Battery_Item_C Function /Game/ThirdPersonBP/Blueprints/Flashlight/Battery_Item.Battery_Item_C:ExecuteUbergraph_Battery_Item
[2018.06.11-12.41.15:887][337]LogLinker: Warning: '/Game/C4D/StaticMeshes/Duracell_AA_texture_Mat' 파일을 찾을 수 없습니다.
[2018.06.11-12.41.15:887][337]LogLinker: Warning: C:/Users/leet3/Documents/Toyscape/Content/room.umap 로드중 '/Game/C4D/StaticMeshes/Duracell_AA_texture_Mat' 애셋에 대한 파일을 찾을 수 없습니다.
[2018.06.11-12.41.15:887][337]LoadErrors: Error: /Game/room : 애셋에 대한 파일을 찾을 수 없습니다. /Game/C4D/StaticMeshes/Duracell_AA_texture_Mat
[2018.06.11-12.41.15:887][337]LogLinker: Warning: '/Game/C4D/StaticMeshes/Duracell_AA_Cylinder' 파일을 찾을 수 없습니다.
[2018.06.11-12.41.15:887][337]LogLinker: Warning: C:/Users/leet3/Documents/Toyscape/Content/room.umap 로드중 '/Game/C4D/StaticMeshes/Duracell_AA_Cylinder' 애셋에 대한 파일을 찾을 수 없습니다.
[2018.06.11-12.41.15:887][337]LoadErrors: Error: /Game/room : 애셋에 대한 파일을 찾을 수 없습니다. /Game/C4D/StaticMeshes/Duracell_AA_Cylinder
[2018.06.11-12.41.15:887][337]LogLinker: Warning: '/Game/C4D/StaticMeshes/Duracell_AA_texture_Mat' 파일을 찾을 수 없습니다.
[2018.06.11-12.41.15:887][337]LogLinker: Warning: C:/Users/leet3/Documents/Toyscape/Content/room.umap 로드중 '/Game/C4D/StaticMeshes/Duracell_AA_texture_Mat' 애셋에 대한 파일을 찾을 수 없습니다.
[2018.06.11-12.41.15:888][337]LogLinker: Warning: '/Game/C4D/StaticMeshes/Duracell_AA_Cylinder' 파일을 찾을 수 없습니다.
[2018.06.11-12.41.15:888][337]LogLinker: Warning: C:/Users/leet3/Documents/Toyscape/Content/room.umap 로드중 '/Game/C4D/StaticMeshes/Duracell_AA_Cylinder' 애셋에 대한 파일을 찾을 수 없습니다.
[2018.06.11-12.41.15:889][337]LogLinker: Warning: '/Game/C4D/StaticMeshes/Duracell_AA_Cylinder' 파일을 찾을 수 없습니다.
[2018.06.11-12.41.15:889][337]LoadErrors: 로드에 실패했습니다. /Game/C4D/StaticMeshes/Duracell_AA_Cylinder.Duracell_AA_Cylinder 레퍼런싱한 것: Flashlight_Battery_GEN_VARIABLE
[2018.06.11-12.41.15:889][337]LogLinker: Warning: C:/Users/leet3/Documents/Toyscape/Content/room.umap 로드중 '/Game/C4D/StaticMeshes/Duracell_AA_Cylinder' 애셋에 대한 파일을 찾을 수 없습니다.
[2018.06.11-12.41.15:890][337]LogLinker: Warning: '/Game/C4D/StaticMeshes/Duracell_AA_texture_Mat' 파일을 찾을 수 없습니다.
[2018.06.11-12.41.15:890][337]LoadErrors: 로드에 실패했습니다. /Game/C4D/StaticMeshes/Duracell_AA_texture_Mat.Duracell_AA_texture_Mat 레퍼런싱한 것: Flashlight_Battery_GEN_VARIABLE
[2018.06.11-12.41.15:890][337]LogLinker: Warning: C:/Users/leet3/Documents/Toyscape/Content/room.umap 로드중 '/Game/C4D/StaticMeshes/Duracell_AA_texture_Mat' 애셋에 대한 파일을 찾을 수 없습니다.
[2018.06.11-12.41.15:891][337]LogUObjectGlobals: Destroyed PersistentFrame Addr=0x000001d1b7ddc2c0, Size=208
[2018.06.11-12.41.15:891][337]LogUObjectGlobals: Created PersistentFrame Addr=0x000001d1c7f03200, Size=208, Default__Battery_Item_C Function /Engine/Transient.REINST_Battery_Item_C_43:ExecuteUbergraph_Battery_Item
[2018.06.11-12.41.15:893][337]LogUObjectGlobals: Created PersistentFrame Addr=0x000001d1c7f026a0, Size=208, Default__Battery_Item_C Function /Game/ThirdPersonBP/Blueprints/Flashlight/Battery_Item.Battery_Item_C:ExecuteUbergraph_Battery_Item
[2018.06.11-12.41.16:017][337]LogLinker: Warning: '/Game/DustParticle/Textures/Cloud1' 파일을 찾을 수 없습니다.
[2018.06.11-12.41.16:017][337]LogLinker: Warning: C:/Users/leet3/Documents/Toyscape/Content/DustParticle/Materials/VentDust_FX.uasset 로드중 '/Game/DustParticle/Textures/Cloud1' 애셋에 대한 파일을 찾을 수 없습니다.
[2018.06.11-12.41.16:017][337]LoadErrors: Error: /Game/DustParticle/Materials/VentDust_FX : 애셋에 대한 파일을 찾을 수 없습니다. /Game/DustParticle/Textures/Cloud1
[2018.06.11-12.41.16:025][337]LogLinker: Warning: '/Game/DustParticle/Textures/Cloud1' 파일을 찾을 수 없습니다.
[2018.06.11-12.41.16:025][337]LogLinker: Warning: C:/Users/leet3/Documents/Toyscape/Content/DustParticle/Materials/VentDust_FX.uasset 로드중 '/Game/DustParticle/Textures/Cloud1' 애셋에 대한 파일을 찾을 수 없습니다.
[2018.06.11-12.41.16:159][337]LogUObjectGlobals: Created PersistentFrame Addr=0x000001d1aa59be40, Size=408, Default__room_C Function /Game/room.room_C:ExecuteUbergraph_room
[2018.06.11-12.41.16:163][337]LogUObjectGlobals: Destroyed PersistentFrame Addr=0x000001d1aa59be40, Size=408
[2018.06.11-12.41.16:163][337]LogUObjectGlobals: Created PersistentFrame Addr=0x000001d1aa59be40, Size=408, Default__room_C Function /Engine/Transient.REINST_room_C_45:ExecuteUbergraph_room
[2018.06.11-12.41.16:166][337]LogUObjectGlobals: Created PersistentFrame Addr=0x000001d1aa59b200, Size=408, Default__room_C Function /Game/room.room_C:ExecuteUbergraph_room
[2018.06.11-12.41.16:233][337]LogLinker: Warning: '/Game/DustParticle/Textures/Cloud1' 파일을 찾을 수 없습니다.
[2018.06.11-12.41.16:233][337]LoadErrors: 로드에 실패했습니다. /Game/DustParticle/Textures/Cloud1.Cloud1 레퍼런싱한 것: MaterialExpressionTextureSample_1
[2018.06.11-12.41.16:233][337]LogLinker: Warning: NULL 로드중 '/Game/DustParticle/Textures/Cloud1' 애셋에 대한 파일을 찾을 수 없습니다.
[2018.06.11-12.41.16:974][337]LogAIModule: Creating AISystem for world room
[2018.06.11-12.41.17:004][337]LogUObjectGlobals: Destroyed PersistentFrame Addr=0x000001d1aa59be40, Size=408
[2018.06.11-12.41.17:004][337]LogUObjectGlobals: Destroyed PersistentFrame Addr=0x000001d1c7f03200, Size=208
[2018.06.11-12.41.17:004][337]LogUObjectGlobals: Destroyed PersistentFrame Addr=0x000001d1b7deb200, Size=880
[2018.06.11-12.41.17:004][337]LogUObjectGlobals: Destroyed PersistentFrame Addr=0x000001d1d3b18ca0, Size=24
[2018.06.11-12.41.17:004][337]LogUObjectGlobals: Destroyed PersistentFrame Addr=0x000001d1e8f56940, Size=112
[2018.06.11-12.41.17:004][337]LogUObjectGlobals: Destroyed PersistentFrame Addr=0x000001d1ea9eb8a8, Size=40
[2018.06.11-12.41.17:004][337]LogUObjectGlobals: Destroyed PersistentFrame Addr=0x000001d1e8f56780, Size=112
[2018.06.11-12.41.17:004][337]LogUObjectGlobals: Destroyed PersistentFrame Addr=0x000001d1e90f7aa0, Size=32
[2018.06.11-12.41.17:004][337]LogUObjectGlobals: Destroyed PersistentFrame Addr=0x000001d1e90f7b60, Size=32
[2018.06.11-12.41.17:004][337]LogUObjectGlobals: Destroyed PersistentFrame Addr=0x000001d1eb764f38, Size=56
[2018.06.11-12.41.17:004][337]LogUObjectGlobals: Destroyed PersistentFrame Addr=0x000001d1e90f7be0, Size=32
[2018.06.11-12.41.17:004][337]LogUObjectGlobals: Destroyed PersistentFrame Addr=0x000001d1e9152980, Size=528
[2018.06.11-12.41.17:004][337]LogUObjectGlobals: Destroyed PersistentFrame Addr=0x000001d1d40c6b00, Size=344
[2018.06.11-12.41.17:006][337]Cmd: MAP LOAD FILE="C:/Users/leet3/Documents/Toyscape/Content/room.umap" TEMPLATE=0 SHOWPROGRESS=1 FEATURELEVEL=3
[2018.06.11-12.41.17:006][337]LightingResults: New page: 라이팅 빌드
[2018.06.11-12.41.17:007][337]LoadErrors: New page: 맵 로드중: room.umap
[2018.06.11-12.41.17:008][337]MapCheck: New page: 맵 체크
[2018.06.11-12.41.17:008][337]LightingResults: New page: 라이팅 빌드
[2018.06.11-12.41.17:032][337]LogEditorServer: Finished looking for orphan Actors (0.000 secs)
[2018.06.11-12.41.17:072][337]Cmd: MAP CHECKDEP NOCLEARLOG
[2018.06.11-12.41.17:191][337]MapCheck: 맵 체크 완료: 오류 0 회, 경고 0 회, 소요 시간 118.039ms.
[2018.06.11-12.41.17:192][337]LogFileHelpers: Loading map 'room' took 0.186
[2018.06.11-12.41.30:065][823]LogEditorViewport: Clicking on Actor (LMB): Push_Pull_C (Push_Pull)
[2018.06.11-12.41.38:554][409]LogEditorViewport: Clicking on Actor (LMB): StaticMeshActor (prototype_bed_bed_frame)
[2018.06.11-12.41.42:195][733]LogSlate: FSceneViewport::OnFocusLost() reason 0
[2018.06.11-12.41.49:574][337]LogRenderer: Reallocating scene render targets to support 1432x924 Format 10 NumSamples 1 (Frame:1).
[2018.06.11-12.42.03:785][414]Cmd: OBJ SAVEPACKAGE PACKAGE="/Game/Geometry/Meshes/prototype_bed_bed_frame" FILE="C:/Users/leet3/Documents/Toyscape/Content/Geometry/Meshes/prototype_bed_bed_frame.uasset" SILENT=true
[2018.06.11-12.42.03:811][414]LogSavePackage: Save=10.30ms
[2018.06.11-12.42.03:811][414]LogSavePackage: Moving 'C:/Users/leet3/Documents/Toyscape/Saved/prototype_bed_bed_frameA10F4D334435CCAF2951519595B88CD4.tmp' to 'C:/Users/leet3/Documents/Toyscape/Content/Geometry/Meshes/prototype_bed_bed_frame.uasset'
[2018.06.11-12.42.03:815][414]LogSavePackage: Display: Finished SavePackage C:/Users/leet3/Documents/Toyscape/Content/Geometry/Meshes/prototype_bed_bed_frame.uasset
[2018.06.11-12.42.04:976][505]LogSlate: Window 'prototype_bed_bed_frame' being destroyed
[2018.06.11-12.42.04:980][505]LogSlate: Window 'prototype_bed_bed_frame' being destroyed
[2018.06.11-12.42.05:279][518]LogSlate: Took 0.024388 seconds to synchronously load lazily loaded font '../../../Engine/Content/Slate/Fonts/Roboto-Italic.ttf' (157K)
[2018.06.11-12.42.17:487][429]Cmd: OBJ SAVEPACKAGE PACKAGE="/Game/Geometry/Meshes/prototype_bed_bed_mattress" FILE="C:/Users/leet3/Documents/Toyscape/Content/Geometry/Meshes/prototype_bed_bed_mattress.uasset" SILENT=true
[2018.06.11-12.42.17:511][429]LogSavePackage: Save=9.45ms
[2018.06.11-12.42.17:511][429]LogSavePackage: Moving 'C:/Users/leet3/Documents/Toyscape/Saved/prototype_bed_bed_mattressF40CACC445D22336CE1E9181F25F334F.tmp' to 'C:/Users/leet3/Documents/Toyscape/Content/Geometry/Meshes/prototype_bed_bed_mattress.uasset'
[2018.06.11-12.42.17:514][429]LogSavePackage: Display: Finished SavePackage C:/Users/leet3/Documents/Toyscape/Content/Geometry/Meshes/prototype_bed_bed_mattress.uasset
[2018.06.11-12.42.18:247][487]LogSlate: Window 'prototype_bed_bed_mattress' being destroyed
[2018.06.11-12.42.18:251][487]LogSlate: Window 'prototype_bed_bed_mattress' being destroyed
[2018.06.11-12.42.27:496][156]LogSavePackage: Save=10.20ms
[2018.06.11-12.42.27:496][156]LogSavePackage: Moving 'C:/Users/leet3/Documents/Toyscape/Saved/prototype_bookShelfLeft_bookshel5AACC9D84C66CC2253B3CEAE756C9A87.tmp' to 'C:/Users/leet3/Documents/Toyscape/Content/Geometry/Meshes/prototype_bookShelfLeft_bookshelf1.uasset'
[2018.06.11-12.42.27:500][156]LogSavePackage: Display: Finished SavePackage C:/Users/leet3/Documents/Toyscape/Content/Geometry/Meshes/prototype_bookShelfLeft_bookshelf1.uasset
[2018.06.11-12.42.28:599][242]LogSlate: Window 'prototype_bookShelfLeft_bookshelf1' being destroyed
[2018.06.11-12.42.28:604][242]LogSlate: Window 'prototype_bookShelfLeft_bookshelf1' being destroyed
[2018.06.11-12.42.40:367][315]LogSlate: FSceneViewport::OnFocusLost() reason 0
[2018.06.11-12.42.47:519][842]Cmd: OBJ SAVEPACKAGE PACKAGE="/Game/Geometry/Meshes/prototype_bookShelfLeft_drawer" FILE="C:/Users/leet3/Documents/Toyscape/Content/Geometry/Meshes/prototype_bookShelfLeft_drawer.uasset" SILENT=true
[2018.06.11-12.42.47:542][842]LogSavePackage: Save=9.74ms
[2018.06.11-12.42.47:543][842]LogSavePackage: Moving 'C:/Users/leet3/Documents/Toyscape/Saved/prototype_bookShelfLeft_drawer115E44AC4D3B5A469BBBD787DAE69539.tmp' to 'C:/Users/leet3/Documents/Toyscape/Content/Geometry/Meshes/prototype_bookShelfLeft_drawer.uasset'
[2018.06.11-12.42.47:546][842]LogSavePackage: Display: Finished SavePackage C:/Users/leet3/Documents/Toyscape/Content/Geometry/Meshes/prototype_bookShelfLeft_drawer.uasset
[2018.06.11-12.42.49:151][967]LogSlate: Window 'prototype_bookShelfLeft_drawer' being destroyed
[2018.06.11-12.42.49:154][967]LogSlate: Window 'prototype_bookShelfLeft_drawer' being destroyed
[2018.06.11-12.42.57:872][608]Cmd: OBJ SAVEPACKAGE PACKAGE="/Game/Geometry/Meshes/prototype_bookShelfLeft_drawer2" FILE="C:/Users/leet3/Documents/Toyscape/Content/Geometry/Meshes/prototype_bookShelfLeft_drawer2.uasset" SILENT=true
[2018.06.11-12.42.57:896][608]LogSavePackage: Save=9.39ms
[2018.06.11-12.42.57:896][608]LogSavePackage: Moving 'C:/Users/leet3/Documents/Toyscape/Saved/prototype_bookShelfLeft_drawer262B6E8C54FA84BCED5A92486FFD95B9D.tmp' to 'C:/Users/leet3/Documents/Toyscape/Content/Geometry/Meshes/prototype_bookShelfLeft_drawer2.uasset'
[2018.06.11-12.42.57:900][608]LogSavePackage: Display: Finished SavePackage C:/Users/leet3/Documents/Toyscape/Content/Geometry/Meshes/prototype_bookShelfLeft_drawer2.uasset
[2018.06.11-12.42.59:729][769]LogSlate: Took 0.003032 seconds to synchronously load lazily loaded font '../../../Engine/Content/Slate/Fonts/../../Editor/Slate/Fonts/NanumGothic.ttf' (4243K)
[2018.06.11-12.43.06:255][265]LogSlate: FSceneViewport::OnFocusLost() reason 2
[2018.06.11-12.43.08:392][441]LogSlate: FSceneViewport::OnFocusLost() reason 0
[2018.06.11-12.43.08:479][450]LogSlate: Window 'prototype_bookShelfLeft_drawer2' being destroyed
[2018.06.11-12.43.08:484][450]LogSlate: Window 'prototype_bookShelfLeft_drawer2' being destroyed
[2018.06.11-12.43.17:786][156]LogSavePackage: Save=9.81ms
[2018.06.11-12.43.17:786][156]LogSavePackage: Moving 'C:/Users/leet3/Documents/Toyscape/Saved/prototype_bookShelfLeft_drawercaB604C5564FA0C74BC5415BBF44DDC605.tmp' to 'C:/Users/leet3/Documents/Toyscape/Content/Geometry/Meshes/prototype_bookShelfLeft_drawercase.uasset'
[2018.06.11-12.43.17:790][156]LogSavePackage: Display: Finished SavePackage C:/Users/leet3/Documents/Toyscape/Content/Geometry/Meshes/prototype_bookShelfLeft_drawercase.uasset
[2018.06.11-12.43.31:519][ 87]Cmd: OBJ SAVEPACKAGE PACKAGE="/Game/Geometry/Meshes/prototype_bookShelfMiddle" FILE="C:/Users/leet3/Documents/Toyscape/Content/Geometry/Meshes/prototype_bookShelfMiddle.uasset" SILENT=true
[2018.06.11-12.43.31:544][ 87]LogSavePackage: Save=10.02ms
[2018.06.11-12.43.31:544][ 87]LogSavePackage: Moving 'C:/Users/leet3/Documents/Toyscape/Saved/prototype_bookShelfMiddleE06ABA464810B89A27C67386D6027698.tmp' to 'C:/Users/leet3/Documents/Toyscape/Content/Geometry/Meshes/prototype_bookShelfMiddle.uasset'
[2018.06.11-12.43.31:548][ 87]LogSavePackage: Display: Finished SavePackage C:/Users/leet3/Documents/Toyscape/Content/Geometry/Meshes/prototype_bookShelfMiddle.uasset
[2018.06.11-12.43.39:310][617]Cmd: OBJ SAVEPACKAGE PACKAGE="/Game/Geometry/Meshes/prototype_bookShelfRight2" FILE="C:/Users/leet3/Documents/Toyscape/Content/Geometry/Meshes/prototype_bookShelfRight2.uasset" SILENT=true
[2018.06.11-12.43.39:335][617]LogSavePackage: Save=10.04ms
[2018.06.11-12.43.39:335][617]LogSavePackage: Moving 'C:/Users/leet3/Documents/Toyscape/Saved/prototype_bookShelfRight2E743B0B2448C4D10DE4390A2F7285CEE.tmp' to 'C:/Users/leet3/Documents/Toyscape/Content/Geometry/Meshes/prototype_bookShelfRight2.uasset'
[2018.06.11-12.43.39:339][617]LogSavePackage: Display: Finished SavePackage C:/Users/leet3/Documents/Toyscape/Content/Geometry/Meshes/prototype_bookShelfRight2.uasset
[2018.06.11-12.43.40:762][711]LogSlate: Window 'prototype_bookShelfRight2' being destroyed
[2018.06.11-12.43.58:223][874]Cmd: OBJ SAVEPACKAGE PACKAGE="/Game/Geometry/Meshes/prototype_deskDrawer" FILE="C:/Users/leet3/Documents/Toyscape/Content/Geometry/Meshes/prototype_deskDrawer.uasset" SILENT=true
[2018.06.11-12.43.58:249][874]LogSavePackage: Save=9.87ms
[2018.06.11-12.43.58:249][874]LogSavePackage: Moving 'C:/Users/leet3/Documents/Toyscape/Saved/prototype_deskDrawer03A6D01A4AC2C075487FA58BF30DDBA4.tmp' to 'C:/Users/leet3/Documents/Toyscape/Content/Geometry/Meshes/prototype_deskDrawer.uasset'
[2018.06.11-12.43.58:252][874]LogSavePackage: Display: Finished SavePackage C:/Users/leet3/Documents/Toyscape/Content/Geometry/Meshes/prototype_deskDrawer.uasset
[2018.06.11-12.43.59:858][982]LogSlate: Window 'prototype_closet_closet_body' being destroyed
[2018.06.11-12.44.06:968][488]Cmd: OBJ SAVEPACKAGE PACKAGE="/Game/Geometry/Meshes/prototype_smallShelf" FILE="C:/Users/leet3/Documents/Toyscape/Content/Geometry/Meshes/prototype_smallShelf.uasset" SILENT=true
[2018.06.11-12.44.06:996][488]LogSavePackage: Save=9.60ms
[2018.06.11-12.44.06:996][488]LogSavePackage: Moving 'C:/Users/leet3/Documents/Toyscape/Saved/prototype_smallShelf6881864E4D561EC1F7E2279D3E2B3E34.tmp' to 'C:/Users/leet3/Documents/Toyscape/Content/Geometry/Meshes/prototype_smallShelf.uasset'
[2018.06.11-12.44.06:999][488]LogSavePackage: Display: Finished SavePackage C:/Users/leet3/Documents/Toyscape/Content/Geometry/Meshes/prototype_smallShelf.uasset
[2018.06.11-12.44.10:764][765]Cmd: OBJ SAVEPACKAGE PACKAGE="/Game/Geometry/Meshes/prototype_smallShelf" FILE="C:/Users/leet3/Documents/Toyscape/Content/Geometry/Meshes/prototype_smallShelf.uasset" SILENT=true
[2018.06.11-12.44.10:781][765]LogSavePackage: Save=3.03ms
[2018.06.11-12.44.10:781][765]LogSavePackage: Moving 'C:/Users/leet3/Documents/Toyscape/Saved/prototype_smallShelf03CC4C8747C370492A64BFA918CEF815.tmp' to 'C:/Users/leet3/Documents/Toyscape/Content/Geometry/Meshes/prototype_smallShelf.uasset'
[2018.06.11-12.44.10:783][765]LogSavePackage: Display: Finished SavePackage C:/Users/leet3/Documents/Toyscape/Content/Geometry/Meshes/prototype_smallShelf.uasset
[2018.06.11-12.44.30:081][  0]LogSlate: FSceneViewport::OnFocusLost() reason 2
[2018.06.11-12.44.31:575][108]SourceControl: fatal: D:/Epic Games/UE_4.19/Engine/Content: 'D:/Epic Games/UE_4.19/Engine/Content' is outside repository
[2018.06.11-12.44.31:717][108]LogSlate: FSceneViewport::OnFocusLost() reason 2
[2018.06.11-12.44.40:789][108]LogSlate: Window '파일 제출' being destroyed
[2018.06.11-12.44.40:805][108]LogSlate: FSceneViewport::OnFocusLost() reason 2
[2018.06.11-12.44.40:929][108]LogSlate: FSceneViewport::OnFocusLost() reason 2
[2018.06.11-12.44.41:383][108]LogSourceControl: commit successful: [master 9fe6381] 컬리전 변경
[2018.06.11-12.44.41:482][108]SourceControl: [master 9fe6381] 컬리전 변경
[2018.06.11-12.44.41:482][108]SourceControl:  10 files changed, 0 insertions(+), 0 deletions(-)
[2018.06.11-12.44.41:482][108]SourceControl:  rewrite Content/Geometry/Meshes/prototype_bed_bed_mattress.uasset (86%)
[2018.06.11-12.44.41:482][108]SourceControl:  rewrite Content/Geometry/Meshes/prototype_bookShelfLeft_bookshelf1.uasset (83%)
[2018.06.11-12.44.41:482][108]SourceControl:  rewrite Content/Geometry/Meshes/prototype_bookShelfLeft_drawer.uasset (87%)
[2018.06.11-12.44.41:482][108]SourceControl:  rewrite Content/Geometry/Meshes/prototype_bookShelfLeft_drawer2.uasset (91%)
[2018.06.11-12.44.41:482][108]SourceControl:  rewrite Content/Geometry/Meshes/prototype_bookShelfLeft_drawercase.uasset (87%)
[2018.06.11-12.44.41:482][108]SourceControl:  rewrite Content/Geometry/Meshes/prototype_bookShelfMiddle.uasset (83%)
[2018.06.11-12.44.41:482][108]SourceControl:  rewrite Content/Geometry/Meshes/prototype_bookShelfRight2.uasset (81%)
[2018.06.11-12.44.41:482][108]SourceControl:  rewrite Content/Geometry/Meshes/prototype_deskDrawer.uasset (87%)
[2018.06.11-12.44.41:482][108]SourceControl:  rewrite Content/Geometry/Meshes/prototype_smallShelf.uasset (86%)
[2018.06.11-12.44.41:492][108]SourceControl: Commited [master 9fe6381] 컬리전 변경.
[2018.06.11-12.44.43:840][256]LogSlate: FSceneViewport::OnFocusLost() reason 0
[2018.06.11-12.44.43:926][265]LogSlate: Window 'prototype_smallShelf' being destroyed
[2018.06.11-12.44.43:931][265]LogSlate: Window 'prototype_smallShelf' being destroyed
[2018.06.11-12.45.13:103][472]LogSlate: FSceneViewport::OnFocusLost() reason 0
[2018.06.11-12.45.13:235][472]LogSlate: FSceneViewport::OnFocusLost() reason 2
[2018.06.11-12.45.13:244][472]Cmd: OBJ SAVEPACKAGE PACKAGE="/Game/room" FILE="C:/Users/leet3/Documents/Toyscape/Content/room.umap" SILENT=true AUTOSAVING=false KEEPDIRTY=false
[2018.06.11-12.45.13:288][472]LogUObjectGlobals: Destroyed PersistentFrame Addr=0x000001d1aa59b200, Size=408
[2018.06.11-12.45.13:288][472]LogUObjectGlobals: Created PersistentFrame Addr=0x000001d2318add00, Size=408, Default__room_C Function /Engine/Transient.REINST_room_C_49:ExecuteUbergraph_room
[2018.06.11-12.45.13:291][472]LogUObjectGlobals: Created PersistentFrame Addr=0x000001d2318af3c0, Size=408, Default__room_C Function /Game/room.room_C:ExecuteUbergraph_room
[2018.06.11-12.45.13:581][472]LogSavePackage: Save=304.12ms
[2018.06.11-12.45.13:581][472]LogSavePackage: Moving 'C:/Users/leet3/Documents/Toyscape/Saved/roomAFF5054E4CCA4655157762BA23EC1A9E.tmp' to 'C:/Users/leet3/Documents/Toyscape/Content/room.umap'
[2018.06.11-12.45.13:585][472]LogSavePackage: Display: Finished SavePackage C:/Users/leet3/Documents/Toyscape/Content/room.umap
[2018.06.11-12.45.13:736][472]Cmd: OBJ SAVEPACKAGE PACKAGE="/Game/room_BuiltData" FILE="C:/Users/leet3/Documents/Toyscape/Content/room_BuiltData.uasset" SILENT=true
[2018.06.11-12.45.13:926][472]LogSavePackage: Save=167.59ms
[2018.06.11-12.45.13:927][472]LogSavePackage: Moving 'C:/Users/leet3/Documents/Toyscape/Saved/room_BuiltData6C80D86F4A5BD642D40206ACFD8453CE.tmp' to 'C:/Users/leet3/Documents/Toyscape/Content/room_BuiltData.uasset'
[2018.06.11-12.45.13:929][472]LogSavePackage: Display: Finished SavePackage C:/Users/leet3/Documents/Toyscape/Content/room_BuiltData.uasset
